[2018-11-07 10:25:09] production.ERROR: SQLSTATE[HY000] [1045] Access denied for user 'root'@'localhost' (using password: YES) {"exception":"[object] (Doctrine\\DBAL\\Driver\\PDOException(code: 1045): SQLSTATE[HY000] [1045] Access denied for user 'root'@'localhost' (using password: YES) at /home/cuong246/Downloads/bscms/bscms/vendor/doctrine/dbal/lib/Doctrine/DBAL/Driver/PDOConnection.php:50, PDOException(code: 1045): SQLSTATE[HY000] [1045] Access denied for user 'root'@'localhost' (using password: YES) at /home/cuong246/Downloads/bscms/bscms/vendor/doctrine/dbal/lib/Doctrine/DBAL/Driver/PDOConnection.php:46)
[stacktrace]
#0 /home/cuong246/Downloads/bscms/bscms/vendor/laravel/framework/src/Illuminate/Database/Connectors/Connector.php(65): Doctrine\\DBAL\\Driver\\PDOConnection->__construct('mysql:host=127....', 'root', 'Redbee0605', Array)
#1 /home/cuong246/Downloads/bscms/bscms/vendor/laravel/framework/src/Illuminate/Database/Connectors/Connector.php(44): Illuminate\\Database\\Connectors\\Connector->createPdoConnection('mysql:host=127....', 'root', 'Redbee0605', Array)
#2 /home/cuong246/Downloads/bscms/bscms/vendor/laravel/framework/src/Illuminate/Database/Connectors/MySqlConnector.php(24): Illuminate\\Database\\Connectors\\Connector->createConnection('mysql:host=127....', Array, Array)
#3 /home/cuong246/Downloads/bscms/bscms/vendor/laravel/framework/src/Illuminate/Database/Connectors/ConnectionFactory.php(182): Illuminate\\Database\\Connectors\\MySqlConnector->connect(Array)
#4 [internal function]: Illuminate\\Database\\Connectors\\ConnectionFactory->Illuminate\\Database\\Connectors\\{closure}()
#5 /home/cuong246/Downloads/bscms/bscms/vendor/laravel/framework/src/Illuminate/Database/Connection.php(916): call_user_func(Object(Closure))
#6 /home/cuong246/Downloads/bscms/bscms/vendor/laravel/framework/src/Illuminate/Database/DatabaseManager.php(248): Illuminate\\Database\\Connection->getPdo()
#7 /home/cuong246/Downloads/bscms/bscms/vendor/laravel/framework/src/Illuminate/Database/DatabaseManager.php(234): Illuminate\\Database\\DatabaseManager->refreshPdoConnections('mysql')
#8 /home/cuong246/Downloads/bscms/bscms/vendor/laravel/framework/src/Illuminate/Database/DatabaseManager.php(168): Illuminate\\Database\\DatabaseManager->reconnect('mysql')
#9 [internal function]: Illuminate\\Database\\DatabaseManager->Illuminate\\Database\\{closure}(Object(Illuminate\\Database\\MySqlConnection))
#10 /home/cuong246/Downloads/bscms/bscms/vendor/laravel/framework/src/Illuminate/Database/Connection.php(754): call_user_func(Object(Closure), Object(Illuminate\\Database\\MySqlConnection))
#11 /home/cuong246/Downloads/bscms/bscms/vendor/laravel/framework/src/Illuminate/Database/Connection.php(768): Illuminate\\Database\\Connection->reconnect()
#12 /home/cuong246/Downloads/bscms/bscms/vendor/laravel/framework/src/Illuminate/Database/Connection.php(616): Illuminate\\Database\\Connection->reconnectIfMissingConnection()
#13 /home/cuong246/Downloads/bscms/bscms/vendor/laravel/framework/src/Illuminate/Database/Connection.php(333): Illuminate\\Database\\Connection->run('select * from `...', Array, Object(Closure))
#14 /home/cuong246/Downloads/bscms/bscms/vendor/laravel/framework/src/Illuminate/Database/Query/Builder.php(2027): Illuminate\\Database\\Connection->select('select * from `...', Array, true)
#15 /home/cuong246/Downloads/bscms/bscms/vendor/laravel/framework/src/Illuminate/Database/Query/Builder.php(2015): Illuminate\\Database\\Query\\Builder->runSelect()
#16 /home/cuong246/Downloads/bscms/bscms/vendor/laravel/framework/src/Illuminate/Database/Query/Builder.php(2499): Illuminate\\Database\\Query\\Builder->Illuminate\\Database\\Query\\{closure}()
#17 /home/cuong246/Downloads/bscms/bscms/vendor/laravel/framework/src/Illuminate/Database/Query/Builder.php(2016): Illuminate\\Database\\Query\\Builder->onceWithColumns(Array, Object(Closure))
#18 /home/cuong246/Downloads/bscms/bscms/vendor/laravel/framework/src/Illuminate/Database/Eloquent/Builder.php(516): Illuminate\\Database\\Query\\Builder->get(Array)
#19 /home/cuong246/Downloads/bscms/bscms/vendor/laravel/framework/src/Illuminate/Database/Eloquent/Builder.php(500): Illuminate\\Database\\Eloquent\\Builder->getModels(Array)
#20 /home/cuong246/Downloads/bscms/bscms/vendor/laravel/framework/src/Illuminate/Database/Concerns/BuildsQueries.php(77): Illuminate\\Database\\Eloquent\\Builder->get(Array)
#21 /home/cuong246/Downloads/bscms/bscms/vendor/botble/platform/support/src/Repositories/Eloquent/RepositoriesAbstract.php(207): Illuminate\\Database\\Eloquent\\Builder->first()
#22 /home/cuong246/Downloads/bscms/bscms/vendor/botble/platform/acl/src/Http/Controllers/Auth/LoginController.php(102): Bytesoft\\Support\\Repositories\\Eloquent\\RepositoriesAbstract->getFirstBy(Array)
#23 [internal function]: Bytesoft\\ACL\\Http\\Controllers\\Auth\\LoginController->login(Object(Illuminate\\Http\\Request))
#24 /home/cuong246/Downloads/bscms/bscms/vendor/laravel/framework/src/Illuminate/Routing/Controller.php(54): call_user_func_array(Array, Array)
#25 /home/cuong246/Downloads/bscms/bscms/vendor/laravel/framework/src/Illuminate/Routing/ControllerDispatcher.php(45): Illuminate\\Routing\\Controller->callAction('login', Array)
#26 /home/cuong246/Downloads/bscms/bscms/vendor/laravel/framework/src/Illuminate/Routing/Route.php(212): Illuminate\\Routing\\ControllerDispatcher->dispatch(Object(Illuminate\\Routing\\Route), Object(Bytesoft\\ACL\\Http\\Controllers\\Auth\\LoginController), 'login')
#27 /home/cuong246/Downloads/bscms/bscms/vendor/laravel/framework/src/Illuminate/Routing/Route.php(169): Illuminate\\Routing\\Route->runController()
#28 /home/cuong246/Downloads/bscms/bscms/vendor/laravel/framework/src/Illuminate/Routing/Router.php(679): Illuminate\\Routing\\Route->run()
#29 /home/cuong246/Downloads/bscms/bscms/vendor/laravel/framework/src/Illuminate/Routing/Pipeline.php(30): Illuminate\\Routing\\Router->Illuminate\\Routing\\{closure}(Object(Illuminate\\Http\\Request))
#30 /home/cuong246/Downloads/bscms/bscms/vendor/botble/platform/acl/src/Http/Middleware/RedirectIfAuthenticated.php(33): Illuminate\\Routing\\Pipeline->Illuminate\\Routing\\{closure}(Object(Illuminate\\Http\\Request))
#31 /home/cuong246/Downloads/bscms/bscms/vendor/laravel/framework/src/Illuminate/Pipeline/Pipeline.php(151): Bytesoft\\ACL\\Http\\Middleware\\RedirectIfAuthenticated->handle(Object(Illuminate\\Http\\Request), Object(Closure))
#32 /home/cuong246/Downloads/bscms/bscms/vendor/laravel/framework/src/Illuminate/Routing/Pipeline.php(53): Illuminate\\Pipeline\\Pipeline->Illuminate\\Pipeline\\{closure}(Object(Illuminate\\Http\\Request))
#33 /home/cuong246/Downloads/bscms/bscms/vendor/botble/platform/optimize/src/Http/Middleware/PageSpeed.php(27): Illuminate\\Routing\\Pipeline->Illuminate\\Routing\\{closure}(Object(Illuminate\\Http\\Request))
#34 /home/cuong246/Downloads/bscms/bscms/vendor/laravel/framework/src/Illuminate/Pipeline/Pipeline.php(151): Bytesoft\\Optimize\\Http\\Middleware\\PageSpeed->handle(Object(Illuminate\\Http\\Request), Object(Closure))
#35 /home/cuong246/Downloads/bscms/bscms/vendor/laravel/framework/src/Illuminate/Routing/Pipeline.php(53): Illuminate\\Pipeline\\Pipeline->Illuminate\\Pipeline\\{closure}(Object(Illuminate\\Http\\Request))
#36 /home/cuong246/Downloads/bscms/bscms/vendor/botble/platform/optimize/src/Http/Middleware/PageSpeed.php(27): Illuminate\\Routing\\Pipeline->Illuminate\\Routing\\{closure}(Object(Illuminate\\Http\\Request))
#37 /home/cuong246/Downloads/bscms/bscms/vendor/laravel/framework/src/Illuminate/Pipeline/Pipeline.php(151): Bytesoft\\Optimize\\Http\\Middleware\\PageSpeed->handle(Object(Illuminate\\Http\\Request), Object(Closure))
#38 /home/cuong246/Downloads/bscms/bscms/vendor/laravel/framework/src/Illuminate/Routing/Pipeline.php(53): Illuminate\\Pipeline\\Pipeline->Illuminate\\Pipeline\\{closure}(Object(Illuminate\\Http\\Request))
#39 /home/cuong246/Downloads/bscms/bscms/vendor/botble/platform/optimize/src/Http/Middleware/PageSpeed.php(27): Illuminate\\Routing\\Pipeline->Illuminate\\Routing\\{closure}(Object(Illuminate\\Http\\Request))
#40 /home/cuong246/Downloads/bscms/bscms/vendor/laravel/framework/src/Illuminate/Pipeline/Pipeline.php(151): Bytesoft\\Optimize\\Http\\Middleware\\PageSpeed->handle(Object(Illuminate\\Http\\Request), Object(Closure))
#41 /home/cuong246/Downloads/bscms/bscms/vendor/laravel/framework/src/Illuminate/Routing/Pipeline.php(53): Illuminate\\Pipeline\\Pipeline->Illuminate\\Pipeline\\{closure}(Object(Illuminate\\Http\\Request))
#42 /home/cuong246/Downloads/bscms/bscms/vendor/botble/platform/optimize/src/Http/Middleware/PageSpeed.php(27): Illuminate\\Routing\\Pipeline->Illuminate\\Routing\\{closure}(Object(Illuminate\\Http\\Request))
#43 /home/cuong246/Downloads/bscms/bscms/vendor/laravel/framework/src/Illuminate/Pipeline/Pipeline.php(151): Bytesoft\\Optimize\\Http\\Middleware\\PageSpeed->handle(Object(Illuminate\\Http\\Request), Object(Closure))
#44 /home/cuong246/Downloads/bscms/bscms/vendor/laravel/framework/src/Illuminate/Routing/Pipeline.php(53): Illuminate\\Pipeline\\Pipeline->Illuminate\\Pipeline\\{closure}(Object(Illuminate\\Http\\Request))
#45 /home/cuong246/Downloads/bscms/bscms/vendor/botble/platform/installer/src/Http/Middleware/RedirectIfNotInstalledMiddleware.php(23): Illuminate\\Routing\\Pipeline->Illuminate\\Routing\\{closure}(Object(Illuminate\\Http\\Request))
#46 /home/cuong246/Downloads/bscms/bscms/vendor/laravel/framework/src/Illuminate/Pipeline/Pipeline.php(151): Bytesoft\\Installer\\Http\\Middleware\\RedirectIfNotInstalledMiddleware->handle(Object(Illuminate\\Http\\Request), Object(Closure))
#47 /home/cuong246/Downloads/bscms/bscms/vendor/laravel/framework/src/Illuminate/Routing/Pipeline.php(53): Illuminate\\Pipeline\\Pipeline->Illuminate\\Pipeline\\{closure}(Object(Illuminate\\Http\\Request))
#48 /home/cuong246/Downloads/bscms/bscms/vendor/laravel/framework/src/Illuminate/Session/Middleware/StartSession.php(63): Illuminate\\Routing\\Pipeline->Illuminate\\Routing\\{closure}(Object(Illuminate\\Http\\Request))
#49 /home/cuong246/Downloads/bscms/bscms/vendor/laravel/framework/src/Illuminate/Pipeline/Pipeline.php(151): Illuminate\\Session\\Middleware\\StartSession->handle(Object(Illuminate\\Http\\Request), Object(Closure))
#50 /home/cuong246/Downloads/bscms/bscms/vendor/laravel/framework/src/Illuminate/Routing/Pipeline.php(53): Illuminate\\Pipeline\\Pipeline->Illuminate\\Pipeline\\{closure}(Object(Illuminate\\Http\\Request))
#51 /home/cuong246/Downloads/bscms/bscms/vendor/botble/platform/base/src/Http/Middleware/AdminBarMiddleware.php(45): Illuminate\\Routing\\Pipeline->Illuminate\\Routing\\{closure}(Object(Illuminate\\Http\\Request))
#52 /home/cuong246/Downloads/bscms/bscms/vendor/laravel/framework/src/Illuminate/Pipeline/Pipeline.php(151): Bytesoft\\Base\\Http\\Middleware\\AdminBarMiddleware->handle(Object(Illuminate\\Http\\Request), Object(Closure))
#53 /home/cuong246/Downloads/bscms/bscms/vendor/laravel/framework/src/Illuminate/Routing/Pipeline.php(53): Illuminate\\Pipeline\\Pipeline->Illuminate\\Pipeline\\{closure}(Object(Illuminate\\Http\\Request))
#54 /home/cuong246/Downloads/bscms/bscms/vendor/botble/platform/base/src/Http/Middleware/HttpsProtocolMiddleware.php(23): Illuminate\\Routing\\Pipeline->Illuminate\\Routing\\{closure}(Object(Illuminate\\Http\\Request))
#55 /home/cuong246/Downloads/bscms/bscms/vendor/laravel/framework/src/Illuminate/Pipeline/Pipeline.php(151): Bytesoft\\Base\\Http\\Middleware\\HttpsProtocolMiddleware->handle(Object(Illuminate\\Http\\Request), Object(Closure))
#56 /home/cuong246/Downloads/bscms/bscms/vendor/laravel/framework/src/Illuminate/Routing/Pipeline.php(53): Illuminate\\Pipeline\\Pipeline->Illuminate\\Pipeline\\{closure}(Object(Illuminate\\Http\\Request))
#57 /home/cuong246/Downloads/bscms/bscms/vendor/botble/platform/base/src/Http/Middleware/LocaleMiddleware.php(34): Illuminate\\Routing\\Pipeline->Illuminate\\Routing\\{closure}(Object(Illuminate\\Http\\Request))
#58 /home/cuong246/Downloads/bscms/bscms/vendor/laravel/framework/src/Illuminate/Pipeline/Pipeline.php(151): Bytesoft\\Base\\Http\\Middleware\\LocaleMiddleware->handle(Object(Illuminate\\Http\\Request), Object(Closure))
#59 /home/cuong246/Downloads/bscms/bscms/vendor/laravel/framework/src/Illuminate/Routing/Pipeline.php(53): Illuminate\\Pipeline\\Pipeline->Illuminate\\Pipeline\\{closure}(Object(Illuminate\\Http\\Request))
#60 /home/cuong246/Downloads/bscms/bscms/vendor/laravel/framework/src/Illuminate/Routing/Middleware/SubstituteBindings.php(41): Illuminate\\Routing\\Pipeline->Illuminate\\Routing\\{closure}(Object(Illuminate\\Http\\Request))
#61 /home/cuong246/Downloads/bscms/bscms/vendor/laravel/framework/src/Illuminate/Pipeline/Pipeline.php(151): Illuminate\\Routing\\Middleware\\SubstituteBindings->handle(Object(Illuminate\\Http\\Request), Object(Closure))
#62 /home/cuong246/Downloads/bscms/bscms/vendor/laravel/framework/src/Illuminate/Routing/Pipeline.php(53): Illuminate\\Pipeline\\Pipeline->Illuminate\\Pipeline\\{closure}(Object(Illuminate\\Http\\Request))
#63 /home/cuong246/Downloads/bscms/bscms/vendor/laravel/framework/src/Illuminate/Foundation/Http/Middleware/VerifyCsrfToken.php(75): Illuminate\\Routing\\Pipeline->Illuminate\\Routing\\{closure}(Object(Illuminate\\Http\\Request))
#64 /home/cuong246/Downloads/bscms/bscms/vendor/laravel/framework/src/Illuminate/Pipeline/Pipeline.php(151): Illuminate\\Foundation\\Http\\Middleware\\VerifyCsrfToken->handle(Object(Illuminate\\Http\\Request), Object(Closure))
#65 /home/cuong246/Downloads/bscms/bscms/vendor/laravel/framework/src/Illuminate/Routing/Pipeline.php(53): Illuminate\\Pipeline\\Pipeline->Illuminate\\Pipeline\\{closure}(Object(Illuminate\\Http\\Request))
#66 /home/cuong246/Downloads/bscms/bscms/vendor/laravel/framework/src/Illuminate/View/Middleware/ShareErrorsFromSession.php(49): Illuminate\\Routing\\Pipeline->Illuminate\\Routing\\{closure}(Object(Illuminate\\Http\\Request))
#67 /home/cuong246/Downloads/bscms/bscms/vendor/laravel/framework/src/Illuminate/Pipeline/Pipeline.php(151): Illuminate\\View\\Middleware\\ShareErrorsFromSession->handle(Object(Illuminate\\Http\\Request), Object(Closure))
#68 /home/cuong246/Downloads/bscms/bscms/vendor/laravel/framework/src/Illuminate/Routing/Pipeline.php(53): Illuminate\\Pipeline\\Pipeline->Illuminate\\Pipeline\\{closure}(Object(Illuminate\\Http\\Request))
#69 /home/cuong246/Downloads/bscms/bscms/vendor/laravel/framework/src/Illuminate/Session/Middleware/StartSession.php(63): Illuminate\\Routing\\Pipeline->Illuminate\\Routing\\{closure}(Object(Illuminate\\Http\\Request))
#70 /home/cuong246/Downloads/bscms/bscms/vendor/laravel/framework/src/Illuminate/Pipeline/Pipeline.php(151): Illuminate\\Session\\Middleware\\StartSession->handle(Object(Illuminate\\Http\\Request), Object(Closure))
#71 /home/cuong246/Downloads/bscms/bscms/vendor/laravel/framework/src/Illuminate/Routing/Pipeline.php(53): Illuminate\\Pipeline\\Pipeline->Illuminate\\Pipeline\\{closure}(Object(Illuminate\\Http\\Request))
#72 /home/cuong246/Downloads/bscms/bscms/vendor/laravel/framework/src/Illuminate/Cookie/Middleware/AddQueuedCookiesToResponse.php(37): Illuminate\\Routing\\Pipeline->Illuminate\\Routing\\{closure}(Object(Illuminate\\Http\\Request))
#73 /home/cuong246/Downloads/bscms/bscms/vendor/laravel/framework/src/Illuminate/Pipeline/Pipeline.php(151): Illuminate\\Cookie\\Middleware\\AddQueuedCookiesToResponse->handle(Object(Illuminate\\Http\\Request), Object(Closure))
#74 /home/cuong246/Downloads/bscms/bscms/vendor/laravel/framework/src/Illuminate/Routing/Pipeline.php(53): Illuminate\\Pipeline\\Pipeline->Illuminate\\Pipeline\\{closure}(Object(Illuminate\\Http\\Request))
#75 /home/cuong246/Downloads/bscms/bscms/vendor/laravel/framework/src/Illuminate/Cookie/Middleware/EncryptCookies.php(66): Illuminate\\Routing\\Pipeline->Illuminate\\Routing\\{closure}(Object(Illuminate\\Http\\Request))
#76 /home/cuong246/Downloads/bscms/bscms/vendor/laravel/framework/src/Illuminate/Pipeline/Pipeline.php(151): Illuminate\\Cookie\\Middleware\\EncryptCookies->handle(Object(Illuminate\\Http\\Request), Object(Closure))
#77 /home/cuong246/Downloads/bscms/bscms/vendor/laravel/framework/src/Illuminate/Routing/Pipeline.php(53): Illuminate\\Pipeline\\Pipeline->Illuminate\\Pipeline\\{closure}(Object(Illuminate\\Http\\Request))
#78 /home/cuong246/Downloads/bscms/bscms/vendor/laravel/framework/src/Illuminate/Pipeline/Pipeline.php(104): Illuminate\\Routing\\Pipeline->Illuminate\\Routing\\{closure}(Object(Illuminate\\Http\\Request))
#79 /home/cuong246/Downloads/bscms/bscms/vendor/laravel/framework/src/Illuminate/Routing/Router.php(681): Illuminate\\Pipeline\\Pipeline->then(Object(Closure))
#80 /home/cuong246/Downloads/bscms/bscms/vendor/laravel/framework/src/Illuminate/Routing/Router.php(656): Illuminate\\Routing\\Router->runRouteWithinStack(Object(Illuminate\\Routing\\Route), Object(Illuminate\\Http\\Request))
#81 /home/cuong246/Downloads/bscms/bscms/vendor/laravel/framework/src/Illuminate/Routing/Router.php(622): Illuminate\\Routing\\Router->runRoute(Object(Illuminate\\Http\\Request), Object(Illuminate\\Routing\\Route))
#82 /home/cuong246/Downloads/bscms/bscms/vendor/laravel/framework/src/Illuminate/Routing/Router.php(611): Illuminate\\Routing\\Router->dispatchToRoute(Object(Illuminate\\Http\\Request))
#83 /home/cuong246/Downloads/bscms/bscms/vendor/laravel/framework/src/Illuminate/Foundation/Http/Kernel.php(176): Illuminate\\Routing\\Router->dispatch(Object(Illuminate\\Http\\Request))
#84 /home/cuong246/Downloads/bscms/bscms/vendor/laravel/framework/src/Illuminate/Routing/Pipeline.php(30): Illuminate\\Foundation\\Http\\Kernel->Illuminate\\Foundation\\Http\\{closure}(Object(Illuminate\\Http\\Request))
#85 /home/cuong246/Downloads/bscms/bscms/vendor/proengsoft/laravel-jsvalidation/src/RemoteValidationMiddleware.php(53): Illuminate\\Routing\\Pipeline->Illuminate\\Routing\\{closure}(Object(Illuminate\\Http\\Request))
#86 /home/cuong246/Downloads/bscms/bscms/vendor/laravel/framework/src/Illuminate/Pipeline/Pipeline.php(151): Proengsoft\\JsValidation\\RemoteValidationMiddleware->handle(Object(Illuminate\\Http\\Request), Object(Closure))
#87 /home/cuong246/Downloads/bscms/bscms/vendor/laravel/framework/src/Illuminate/Routing/Pipeline.php(53): Illuminate\\Pipeline\\Pipeline->Illuminate\\Pipeline\\{closure}(Object(Illuminate\\Http\\Request))
#88 /home/cuong246/Downloads/bscms/bscms/vendor/barryvdh/laravel-debugbar/src/Middleware/InjectDebugbar.php(65): Illuminate\\Routing\\Pipeline->Illuminate\\Routing\\{closure}(Object(Illuminate\\Http\\Request))
#89 /home/cuong246/Downloads/bscms/bscms/vendor/laravel/framework/src/Illuminate/Pipeline/Pipeline.php(151): Barryvdh\\Debugbar\\Middleware\\InjectDebugbar->handle(Object(Illuminate\\Http\\Request), Object(Closure))
#90 /home/cuong246/Downloads/bscms/bscms/vendor/laravel/framework/src/Illuminate/Routing/Pipeline.php(53): Illuminate\\Pipeline\\Pipeline->Illuminate\\Pipeline\\{closure}(Object(Illuminate\\Http\\Request))
#91 /home/cuong246/Downloads/bscms/bscms/vendor/fideloper/proxy/src/TrustProxies.php(57): Illuminate\\Routing\\Pipeline->Illuminate\\Routing\\{closure}(Object(Illuminate\\Http\\Request))
#92 /home/cuong246/Downloads/bscms/bscms/vendor/laravel/framework/src/Illuminate/Pipeline/Pipeline.php(151): Fideloper\\Proxy\\TrustProxies->handle(Object(Illuminate\\Http\\Request), Object(Closure))
#93 /home/cuong246/Downloads/bscms/bscms/vendor/laravel/framework/src/Illuminate/Routing/Pipeline.php(53): Illuminate\\Pipeline\\Pipeline->Illuminate\\Pipeline\\{closure}(Object(Illuminate\\Http\\Request))
#94 /home/cuong246/Downloads/bscms/bscms/vendor/laravel/framework/src/Illuminate/Foundation/Http/Middleware/TransformsRequest.php(31): Illuminate\\Routing\\Pipeline->Illuminate\\Routing\\{closure}(Object(Illuminate\\Http\\Request))
#95 /home/cuong246/Downloads/bscms/bscms/vendor/laravel/framework/src/Illuminate/Pipeline/Pipeline.php(151): Illuminate\\Foundation\\Http\\Middleware\\TransformsRequest->handle(Object(Illuminate\\Http\\Request), Object(Closure))
#96 /home/cuong246/Downloads/bscms/bscms/vendor/laravel/framework/src/Illuminate/Routing/Pipeline.php(53): Illuminate\\Pipeline\\Pipeline->Illuminate\\Pipeline\\{closure}(Object(Illuminate\\Http\\Request))
#97 /home/cuong246/Downloads/bscms/bscms/vendor/laravel/framework/src/Illuminate/Foundation/Http/Middleware/TransformsRequest.php(31): Illuminate\\Routing\\Pipeline->Illuminate\\Routing\\{closure}(Object(Illuminate\\Http\\Request))
#98 /home/cuong246/Downloads/bscms/bscms/vendor/laravel/framework/src/Illuminate/Pipeline/Pipeline.php(151): Illuminate\\Foundation\\Http\\Middleware\\TransformsRequest->handle(Object(Illuminate\\Http\\Request), Object(Closure))
#99 /home/cuong246/Downloads/bscms/bscms/vendor/laravel/framework/src/Illuminate/Routing/Pipeline.php(53): Illuminate\\Pipeline\\Pipeline->Illuminate\\Pipeline\\{closure}(Object(Illuminate\\Http\\Request))
#100 /home/cuong246/Downloads/bscms/bscms/vendor/laravel/framework/src/Illuminate/Foundation/Http/Middleware/ValidatePostSize.php(27): Illuminate\\Routing\\Pipeline->Illuminate\\Routing\\{closure}(Object(Illuminate\\Http\\Request))
#101 /home/cuong246/Downloads/bscms/bscms/vendor/laravel/framework/src/Illuminate/Pipeline/Pipeline.php(151): Illuminate\\Foundation\\Http\\Middleware\\ValidatePostSize->handle(Object(Illuminate\\Http\\Request), Object(Closure))
#102 /home/cuong246/Downloads/bscms/bscms/vendor/laravel/framework/src/Illuminate/Routing/Pipeline.php(53): Illuminate\\Pipeline\\Pipeline->Illuminate\\Pipeline\\{closure}(Object(Illuminate\\Http\\Request))
#103 /home/cuong246/Downloads/bscms/bscms/vendor/laravel/framework/src/Illuminate/Foundation/Http/Middleware/CheckForMaintenanceMode.php(62): Illuminate\\Routing\\Pipeline->Illuminate\\Routing\\{closure}(Object(Illuminate\\Http\\Request))
#104 /home/cuong246/Downloads/bscms/bscms/vendor/laravel/framework/src/Illuminate/Pipeline/Pipeline.php(151): Illuminate\\Foundation\\Http\\Middleware\\CheckForMaintenanceMode->handle(Object(Illuminate\\Http\\Request), Object(Closure))
#105 /home/cuong246/Downloads/bscms/bscms/vendor/laravel/framework/src/Illuminate/Routing/Pipeline.php(53): Illuminate\\Pipeline\\Pipeline->Illuminate\\Pipeline\\{closure}(Object(Illuminate\\Http\\Request))
#106 /home/cuong246/Downloads/bscms/bscms/vendor/laravel/framework/src/Illuminate/Pipeline/Pipeline.php(104): Illuminate\\Routing\\Pipeline->Illuminate\\Routing\\{closure}(Object(Illuminate\\Http\\Request))
#107 /home/cuong246/Downloads/bscms/bscms/vendor/laravel/framework/src/Illuminate/Foundation/Http/Kernel.php(151): Illuminate\\Pipeline\\Pipeline->then(Object(Closure))
#108 /home/cuong246/Downloads/bscms/bscms/vendor/laravel/framework/src/Illuminate/Foundation/Http/Kernel.php(116): Illuminate\\Foundation\\Http\\Kernel->sendRequestThroughRouter(Object(Illuminate\\Http\\Request))
#109 /home/cuong246/Downloads/bscms/bscms/public/index.php(55): Illuminate\\Foundation\\Http\\Kernel->handle(Object(Illuminate\\Http\\Request))
#110 /home/cuong246/Downloads/bscms/bscms/server.php(21): require_once('/home/cuong246/...')
#111 {main}
"} 
[2018-11-07 10:27:09] production.ERROR: SQLSTATE[HY000] [1045] Access denied for user 'root'@'localhost' (using password: YES) {"exception":"[object] (Doctrine\\DBAL\\Driver\\PDOException(code: 1045): SQLSTATE[HY000] [1045] Access denied for user 'root'@'localhost' (using password: YES) at /home/cuong246/Downloads/bscms/bscms/vendor/doctrine/dbal/lib/Doctrine/DBAL/Driver/PDOConnection.php:50, PDOException(code: 1045): SQLSTATE[HY000] [1045] Access denied for user 'root'@'localhost' (using password: YES) at /home/cuong246/Downloads/bscms/bscms/vendor/doctrine/dbal/lib/Doctrine/DBAL/Driver/PDOConnection.php:46)
[stacktrace]
#0 /home/cuong246/Downloads/bscms/bscms/vendor/laravel/framework/src/Illuminate/Database/Connectors/Connector.php(65): Doctrine\\DBAL\\Driver\\PDOConnection->__construct('mysql:host=127....', 'root', 'Redbee0605', Array)
#1 /home/cuong246/Downloads/bscms/bscms/vendor/laravel/framework/src/Illuminate/Database/Connectors/Connector.php(44): Illuminate\\Database\\Connectors\\Connector->createPdoConnection('mysql:host=127....', 'root', 'Redbee0605', Array)
#2 /home/cuong246/Downloads/bscms/bscms/vendor/laravel/framework/src/Illuminate/Database/Connectors/MySqlConnector.php(24): Illuminate\\Database\\Connectors\\Connector->createConnection('mysql:host=127....', Array, Array)
#3 /home/cuong246/Downloads/bscms/bscms/vendor/laravel/framework/src/Illuminate/Database/Connectors/ConnectionFactory.php(182): Illuminate\\Database\\Connectors\\MySqlConnector->connect(Array)
#4 [internal function]: Illuminate\\Database\\Connectors\\ConnectionFactory->Illuminate\\Database\\Connectors\\{closure}()
#5 /home/cuong246/Downloads/bscms/bscms/vendor/laravel/framework/src/Illuminate/Database/Connection.php(916): call_user_func(Object(Closure))
#6 /home/cuong246/Downloads/bscms/bscms/vendor/laravel/framework/src/Illuminate/Database/DatabaseManager.php(248): Illuminate\\Database\\Connection->getPdo()
#7 /home/cuong246/Downloads/bscms/bscms/vendor/laravel/framework/src/Illuminate/Database/DatabaseManager.php(234): Illuminate\\Database\\DatabaseManager->refreshPdoConnections('mysql')
#8 /home/cuong246/Downloads/bscms/bscms/vendor/laravel/framework/src/Illuminate/Database/DatabaseManager.php(168): Illuminate\\Database\\DatabaseManager->reconnect('mysql')
#9 [internal function]: Illuminate\\Database\\DatabaseManager->Illuminate\\Database\\{closure}(Object(Illuminate\\Database\\MySqlConnection))
#10 /home/cuong246/Downloads/bscms/bscms/vendor/laravel/framework/src/Illuminate/Database/Connection.php(754): call_user_func(Object(Closure), Object(Illuminate\\Database\\MySqlConnection))
#11 /home/cuong246/Downloads/bscms/bscms/vendor/laravel/framework/src/Illuminate/Database/Connection.php(768): Illuminate\\Database\\Connection->reconnect()
#12 /home/cuong246/Downloads/bscms/bscms/vendor/laravel/framework/src/Illuminate/Database/Connection.php(616): Illuminate\\Database\\Connection->reconnectIfMissingConnection()
#13 /home/cuong246/Downloads/bscms/bscms/vendor/laravel/framework/src/Illuminate/Database/Connection.php(333): Illuminate\\Database\\Connection->run('select * from `...', Array, Object(Closure))
#14 /home/cuong246/Downloads/bscms/bscms/vendor/laravel/framework/src/Illuminate/Database/Query/Builder.php(2027): Illuminate\\Database\\Connection->select('select * from `...', Array, true)
#15 /home/cuong246/Downloads/bscms/bscms/vendor/laravel/framework/src/Illuminate/Database/Query/Builder.php(2015): Illuminate\\Database\\Query\\Builder->runSelect()
#16 /home/cuong246/Downloads/bscms/bscms/vendor/laravel/framework/src/Illuminate/Database/Query/Builder.php(2499): Illuminate\\Database\\Query\\Builder->Illuminate\\Database\\Query\\{closure}()
#17 /home/cuong246/Downloads/bscms/bscms/vendor/laravel/framework/src/Illuminate/Database/Query/Builder.php(2016): Illuminate\\Database\\Query\\Builder->onceWithColumns(Array, Object(Closure))
#18 /home/cuong246/Downloads/bscms/bscms/vendor/laravel/framework/src/Illuminate/Database/Eloquent/Builder.php(516): Illuminate\\Database\\Query\\Builder->get(Array)
#19 /home/cuong246/Downloads/bscms/bscms/vendor/laravel/framework/src/Illuminate/Database/Eloquent/Builder.php(500): Illuminate\\Database\\Eloquent\\Builder->getModels(Array)
#20 /home/cuong246/Downloads/bscms/bscms/vendor/laravel/framework/src/Illuminate/Database/Concerns/BuildsQueries.php(77): Illuminate\\Database\\Eloquent\\Builder->get(Array)
#21 /home/cuong246/Downloads/bscms/bscms/vendor/botble/platform/support/src/Repositories/Eloquent/RepositoriesAbstract.php(207): Illuminate\\Database\\Eloquent\\Builder->first()
#22 /home/cuong246/Downloads/bscms/bscms/vendor/botble/platform/acl/src/Http/Controllers/Auth/LoginController.php(102): Bytesoft\\Support\\Repositories\\Eloquent\\RepositoriesAbstract->getFirstBy(Array)
#23 [internal function]: Bytesoft\\ACL\\Http\\Controllers\\Auth\\LoginController->login(Object(Illuminate\\Http\\Request))
#24 /home/cuong246/Downloads/bscms/bscms/vendor/laravel/framework/src/Illuminate/Routing/Controller.php(54): call_user_func_array(Array, Array)
#25 /home/cuong246/Downloads/bscms/bscms/vendor/laravel/framework/src/Illuminate/Routing/ControllerDispatcher.php(45): Illuminate\\Routing\\Controller->callAction('login', Array)
#26 /home/cuong246/Downloads/bscms/bscms/vendor/laravel/framework/src/Illuminate/Routing/Route.php(212): Illuminate\\Routing\\ControllerDispatcher->dispatch(Object(Illuminate\\Routing\\Route), Object(Bytesoft\\ACL\\Http\\Controllers\\Auth\\LoginController), 'login')
#27 /home/cuong246/Downloads/bscms/bscms/vendor/laravel/framework/src/Illuminate/Routing/Route.php(169): Illuminate\\Routing\\Route->runController()
#28 /home/cuong246/Downloads/bscms/bscms/vendor/laravel/framework/src/Illuminate/Routing/Router.php(679): Illuminate\\Routing\\Route->run()
#29 /home/cuong246/Downloads/bscms/bscms/vendor/laravel/framework/src/Illuminate/Routing/Pipeline.php(30): Illuminate\\Routing\\Router->Illuminate\\Routing\\{closure}(Object(Illuminate\\Http\\Request))
#30 /home/cuong246/Downloads/bscms/bscms/vendor/botble/platform/acl/src/Http/Middleware/RedirectIfAuthenticated.php(33): Illuminate\\Routing\\Pipeline->Illuminate\\Routing\\{closure}(Object(Illuminate\\Http\\Request))
#31 /home/cuong246/Downloads/bscms/bscms/vendor/laravel/framework/src/Illuminate/Pipeline/Pipeline.php(151): Bytesoft\\ACL\\Http\\Middleware\\RedirectIfAuthenticated->handle(Object(Illuminate\\Http\\Request), Object(Closure))
#32 /home/cuong246/Downloads/bscms/bscms/vendor/laravel/framework/src/Illuminate/Routing/Pipeline.php(53): Illuminate\\Pipeline\\Pipeline->Illuminate\\Pipeline\\{closure}(Object(Illuminate\\Http\\Request))
#33 /home/cuong246/Downloads/bscms/bscms/vendor/botble/platform/optimize/src/Http/Middleware/PageSpeed.php(27): Illuminate\\Routing\\Pipeline->Illuminate\\Routing\\{closure}(Object(Illuminate\\Http\\Request))
#34 /home/cuong246/Downloads/bscms/bscms/vendor/laravel/framework/src/Illuminate/Pipeline/Pipeline.php(151): Bytesoft\\Optimize\\Http\\Middleware\\PageSpeed->handle(Object(Illuminate\\Http\\Request), Object(Closure))
#35 /home/cuong246/Downloads/bscms/bscms/vendor/laravel/framework/src/Illuminate/Routing/Pipeline.php(53): Illuminate\\Pipeline\\Pipeline->Illuminate\\Pipeline\\{closure}(Object(Illuminate\\Http\\Request))
#36 /home/cuong246/Downloads/bscms/bscms/vendor/botble/platform/optimize/src/Http/Middleware/PageSpeed.php(27): Illuminate\\Routing\\Pipeline->Illuminate\\Routing\\{closure}(Object(Illuminate\\Http\\Request))
#37 /home/cuong246/Downloads/bscms/bscms/vendor/laravel/framework/src/Illuminate/Pipeline/Pipeline.php(151): Bytesoft\\Optimize\\Http\\Middleware\\PageSpeed->handle(Object(Illuminate\\Http\\Request), Object(Closure))
#38 /home/cuong246/Downloads/bscms/bscms/vendor/laravel/framework/src/Illuminate/Routing/Pipeline.php(53): Illuminate\\Pipeline\\Pipeline->Illuminate\\Pipeline\\{closure}(Object(Illuminate\\Http\\Request))
#39 /home/cuong246/Downloads/bscms/bscms/vendor/botble/platform/optimize/src/Http/Middleware/PageSpeed.php(27): Illuminate\\Routing\\Pipeline->Illuminate\\Routing\\{closure}(Object(Illuminate\\Http\\Request))
#40 /home/cuong246/Downloads/bscms/bscms/vendor/laravel/framework/src/Illuminate/Pipeline/Pipeline.php(151): Bytesoft\\Optimize\\Http\\Middleware\\PageSpeed->handle(Object(Illuminate\\Http\\Request), Object(Closure))
#41 /home/cuong246/Downloads/bscms/bscms/vendor/laravel/framework/src/Illuminate/Routing/Pipeline.php(53): Illuminate\\Pipeline\\Pipeline->Illuminate\\Pipeline\\{closure}(Object(Illuminate\\Http\\Request))
#42 /home/cuong246/Downloads/bscms/bscms/vendor/botble/platform/optimize/src/Http/Middleware/PageSpeed.php(27): Illuminate\\Routing\\Pipeline->Illuminate\\Routing\\{closure}(Object(Illuminate\\Http\\Request))
#43 /home/cuong246/Downloads/bscms/bscms/vendor/laravel/framework/src/Illuminate/Pipeline/Pipeline.php(151): Bytesoft\\Optimize\\Http\\Middleware\\PageSpeed->handle(Object(Illuminate\\Http\\Request), Object(Closure))
#44 /home/cuong246/Downloads/bscms/bscms/vendor/laravel/framework/src/Illuminate/Routing/Pipeline.php(53): Illuminate\\Pipeline\\Pipeline->Illuminate\\Pipeline\\{closure}(Object(Illuminate\\Http\\Request))
#45 /home/cuong246/Downloads/bscms/bscms/vendor/botble/platform/installer/src/Http/Middleware/RedirectIfNotInstalledMiddleware.php(23): Illuminate\\Routing\\Pipeline->Illuminate\\Routing\\{closure}(Object(Illuminate\\Http\\Request))
#46 /home/cuong246/Downloads/bscms/bscms/vendor/laravel/framework/src/Illuminate/Pipeline/Pipeline.php(151): Bytesoft\\Installer\\Http\\Middleware\\RedirectIfNotInstalledMiddleware->handle(Object(Illuminate\\Http\\Request), Object(Closure))
#47 /home/cuong246/Downloads/bscms/bscms/vendor/laravel/framework/src/Illuminate/Routing/Pipeline.php(53): Illuminate\\Pipeline\\Pipeline->Illuminate\\Pipeline\\{closure}(Object(Illuminate\\Http\\Request))
#48 /home/cuong246/Downloads/bscms/bscms/vendor/laravel/framework/src/Illuminate/Session/Middleware/StartSession.php(63): Illuminate\\Routing\\Pipeline->Illuminate\\Routing\\{closure}(Object(Illuminate\\Http\\Request))
#49 /home/cuong246/Downloads/bscms/bscms/vendor/laravel/framework/src/Illuminate/Pipeline/Pipeline.php(151): Illuminate\\Session\\Middleware\\StartSession->handle(Object(Illuminate\\Http\\Request), Object(Closure))
#50 /home/cuong246/Downloads/bscms/bscms/vendor/laravel/framework/src/Illuminate/Routing/Pipeline.php(53): Illuminate\\Pipeline\\Pipeline->Illuminate\\Pipeline\\{closure}(Object(Illuminate\\Http\\Request))
#51 /home/cuong246/Downloads/bscms/bscms/vendor/botble/platform/base/src/Http/Middleware/AdminBarMiddleware.php(45): Illuminate\\Routing\\Pipeline->Illuminate\\Routing\\{closure}(Object(Illuminate\\Http\\Request))
#52 /home/cuong246/Downloads/bscms/bscms/vendor/laravel/framework/src/Illuminate/Pipeline/Pipeline.php(151): Bytesoft\\Base\\Http\\Middleware\\AdminBarMiddleware->handle(Object(Illuminate\\Http\\Request), Object(Closure))
#53 /home/cuong246/Downloads/bscms/bscms/vendor/laravel/framework/src/Illuminate/Routing/Pipeline.php(53): Illuminate\\Pipeline\\Pipeline->Illuminate\\Pipeline\\{closure}(Object(Illuminate\\Http\\Request))
#54 /home/cuong246/Downloads/bscms/bscms/vendor/botble/platform/base/src/Http/Middleware/HttpsProtocolMiddleware.php(23): Illuminate\\Routing\\Pipeline->Illuminate\\Routing\\{closure}(Object(Illuminate\\Http\\Request))
#55 /home/cuong246/Downloads/bscms/bscms/vendor/laravel/framework/src/Illuminate/Pipeline/Pipeline.php(151): Bytesoft\\Base\\Http\\Middleware\\HttpsProtocolMiddleware->handle(Object(Illuminate\\Http\\Request), Object(Closure))
#56 /home/cuong246/Downloads/bscms/bscms/vendor/laravel/framework/src/Illuminate/Routing/Pipeline.php(53): Illuminate\\Pipeline\\Pipeline->Illuminate\\Pipeline\\{closure}(Object(Illuminate\\Http\\Request))
#57 /home/cuong246/Downloads/bscms/bscms/vendor/botble/platform/base/src/Http/Middleware/LocaleMiddleware.php(34): Illuminate\\Routing\\Pipeline->Illuminate\\Routing\\{closure}(Object(Illuminate\\Http\\Request))
#58 /home/cuong246/Downloads/bscms/bscms/vendor/laravel/framework/src/Illuminate/Pipeline/Pipeline.php(151): Bytesoft\\Base\\Http\\Middleware\\LocaleMiddleware->handle(Object(Illuminate\\Http\\Request), Object(Closure))
#59 /home/cuong246/Downloads/bscms/bscms/vendor/laravel/framework/src/Illuminate/Routing/Pipeline.php(53): Illuminate\\Pipeline\\Pipeline->Illuminate\\Pipeline\\{closure}(Object(Illuminate\\Http\\Request))
#60 /home/cuong246/Downloads/bscms/bscms/vendor/laravel/framework/src/Illuminate/Routing/Middleware/SubstituteBindings.php(41): Illuminate\\Routing\\Pipeline->Illuminate\\Routing\\{closure}(Object(Illuminate\\Http\\Request))
#61 /home/cuong246/Downloads/bscms/bscms/vendor/laravel/framework/src/Illuminate/Pipeline/Pipeline.php(151): Illuminate\\Routing\\Middleware\\SubstituteBindings->handle(Object(Illuminate\\Http\\Request), Object(Closure))
#62 /home/cuong246/Downloads/bscms/bscms/vendor/laravel/framework/src/Illuminate/Routing/Pipeline.php(53): Illuminate\\Pipeline\\Pipeline->Illuminate\\Pipeline\\{closure}(Object(Illuminate\\Http\\Request))
#63 /home/cuong246/Downloads/bscms/bscms/vendor/laravel/framework/src/Illuminate/Foundation/Http/Middleware/VerifyCsrfToken.php(75): Illuminate\\Routing\\Pipeline->Illuminate\\Routing\\{closure}(Object(Illuminate\\Http\\Request))
#64 /home/cuong246/Downloads/bscms/bscms/vendor/laravel/framework/src/Illuminate/Pipeline/Pipeline.php(151): Illuminate\\Foundation\\Http\\Middleware\\VerifyCsrfToken->handle(Object(Illuminate\\Http\\Request), Object(Closure))
#65 /home/cuong246/Downloads/bscms/bscms/vendor/laravel/framework/src/Illuminate/Routing/Pipeline.php(53): Illuminate\\Pipeline\\Pipeline->Illuminate\\Pipeline\\{closure}(Object(Illuminate\\Http\\Request))
#66 /home/cuong246/Downloads/bscms/bscms/vendor/laravel/framework/src/Illuminate/View/Middleware/ShareErrorsFromSession.php(49): Illuminate\\Routing\\Pipeline->Illuminate\\Routing\\{closure}(Object(Illuminate\\Http\\Request))
#67 /home/cuong246/Downloads/bscms/bscms/vendor/laravel/framework/src/Illuminate/Pipeline/Pipeline.php(151): Illuminate\\View\\Middleware\\ShareErrorsFromSession->handle(Object(Illuminate\\Http\\Request), Object(Closure))
#68 /home/cuong246/Downloads/bscms/bscms/vendor/laravel/framework/src/Illuminate/Routing/Pipeline.php(53): Illuminate\\Pipeline\\Pipeline->Illuminate\\Pipeline\\{closure}(Object(Illuminate\\Http\\Request))
#69 /home/cuong246/Downloads/bscms/bscms/vendor/laravel/framework/src/Illuminate/Session/Middleware/StartSession.php(63): Illuminate\\Routing\\Pipeline->Illuminate\\Routing\\{closure}(Object(Illuminate\\Http\\Request))
#70 /home/cuong246/Downloads/bscms/bscms/vendor/laravel/framework/src/Illuminate/Pipeline/Pipeline.php(151): Illuminate\\Session\\Middleware\\StartSession->handle(Object(Illuminate\\Http\\Request), Object(Closure))
#71 /home/cuong246/Downloads/bscms/bscms/vendor/laravel/framework/src/Illuminate/Routing/Pipeline.php(53): Illuminate\\Pipeline\\Pipeline->Illuminate\\Pipeline\\{closure}(Object(Illuminate\\Http\\Request))
#72 /home/cuong246/Downloads/bscms/bscms/vendor/laravel/framework/src/Illuminate/Cookie/Middleware/AddQueuedCookiesToResponse.php(37): Illuminate\\Routing\\Pipeline->Illuminate\\Routing\\{closure}(Object(Illuminate\\Http\\Request))
#73 /home/cuong246/Downloads/bscms/bscms/vendor/laravel/framework/src/Illuminate/Pipeline/Pipeline.php(151): Illuminate\\Cookie\\Middleware\\AddQueuedCookiesToResponse->handle(Object(Illuminate\\Http\\Request), Object(Closure))
#74 /home/cuong246/Downloads/bscms/bscms/vendor/laravel/framework/src/Illuminate/Routing/Pipeline.php(53): Illuminate\\Pipeline\\Pipeline->Illuminate\\Pipeline\\{closure}(Object(Illuminate\\Http\\Request))
#75 /home/cuong246/Downloads/bscms/bscms/vendor/laravel/framework/src/Illuminate/Cookie/Middleware/EncryptCookies.php(66): Illuminate\\Routing\\Pipeline->Illuminate\\Routing\\{closure}(Object(Illuminate\\Http\\Request))
#76 /home/cuong246/Downloads/bscms/bscms/vendor/laravel/framework/src/Illuminate/Pipeline/Pipeline.php(151): Illuminate\\Cookie\\Middleware\\EncryptCookies->handle(Object(Illuminate\\Http\\Request), Object(Closure))
#77 /home/cuong246/Downloads/bscms/bscms/vendor/laravel/framework/src/Illuminate/Routing/Pipeline.php(53): Illuminate\\Pipeline\\Pipeline->Illuminate\\Pipeline\\{closure}(Object(Illuminate\\Http\\Request))
#78 /home/cuong246/Downloads/bscms/bscms/vendor/laravel/framework/src/Illuminate/Pipeline/Pipeline.php(104): Illuminate\\Routing\\Pipeline->Illuminate\\Routing\\{closure}(Object(Illuminate\\Http\\Request))
#79 /home/cuong246/Downloads/bscms/bscms/vendor/laravel/framework/src/Illuminate/Routing/Router.php(681): Illuminate\\Pipeline\\Pipeline->then(Object(Closure))
#80 /home/cuong246/Downloads/bscms/bscms/vendor/laravel/framework/src/Illuminate/Routing/Router.php(656): Illuminate\\Routing\\Router->runRouteWithinStack(Object(Illuminate\\Routing\\Route), Object(Illuminate\\Http\\Request))
#81 /home/cuong246/Downloads/bscms/bscms/vendor/laravel/framework/src/Illuminate/Routing/Router.php(622): Illuminate\\Routing\\Router->runRoute(Object(Illuminate\\Http\\Request), Object(Illuminate\\Routing\\Route))
#82 /home/cuong246/Downloads/bscms/bscms/vendor/laravel/framework/src/Illuminate/Routing/Router.php(611): Illuminate\\Routing\\Router->dispatchToRoute(Object(Illuminate\\Http\\Request))
#83 /home/cuong246/Downloads/bscms/bscms/vendor/laravel/framework/src/Illuminate/Foundation/Http/Kernel.php(176): Illuminate\\Routing\\Router->dispatch(Object(Illuminate\\Http\\Request))
#84 /home/cuong246/Downloads/bscms/bscms/vendor/laravel/framework/src/Illuminate/Routing/Pipeline.php(30): Illuminate\\Foundation\\Http\\Kernel->Illuminate\\Foundation\\Http\\{closure}(Object(Illuminate\\Http\\Request))
#85 /home/cuong246/Downloads/bscms/bscms/vendor/proengsoft/laravel-jsvalidation/src/RemoteValidationMiddleware.php(53): Illuminate\\Routing\\Pipeline->Illuminate\\Routing\\{closure}(Object(Illuminate\\Http\\Request))
#86 /home/cuong246/Downloads/bscms/bscms/vendor/laravel/framework/src/Illuminate/Pipeline/Pipeline.php(151): Proengsoft\\JsValidation\\RemoteValidationMiddleware->handle(Object(Illuminate\\Http\\Request), Object(Closure))
#87 /home/cuong246/Downloads/bscms/bscms/vendor/laravel/framework/src/Illuminate/Routing/Pipeline.php(53): Illuminate\\Pipeline\\Pipeline->Illuminate\\Pipeline\\{closure}(Object(Illuminate\\Http\\Request))
#88 /home/cuong246/Downloads/bscms/bscms/vendor/barryvdh/laravel-debugbar/src/Middleware/InjectDebugbar.php(65): Illuminate\\Routing\\Pipeline->Illuminate\\Routing\\{closure}(Object(Illuminate\\Http\\Request))
#89 /home/cuong246/Downloads/bscms/bscms/vendor/laravel/framework/src/Illuminate/Pipeline/Pipeline.php(151): Barryvdh\\Debugbar\\Middleware\\InjectDebugbar->handle(Object(Illuminate\\Http\\Request), Object(Closure))
#90 /home/cuong246/Downloads/bscms/bscms/vendor/laravel/framework/src/Illuminate/Routing/Pipeline.php(53): Illuminate\\Pipeline\\Pipeline->Illuminate\\Pipeline\\{closure}(Object(Illuminate\\Http\\Request))
#91 /home/cuong246/Downloads/bscms/bscms/vendor/fideloper/proxy/src/TrustProxies.php(57): Illuminate\\Routing\\Pipeline->Illuminate\\Routing\\{closure}(Object(Illuminate\\Http\\Request))
#92 /home/cuong246/Downloads/bscms/bscms/vendor/laravel/framework/src/Illuminate/Pipeline/Pipeline.php(151): Fideloper\\Proxy\\TrustProxies->handle(Object(Illuminate\\Http\\Request), Object(Closure))
#93 /home/cuong246/Downloads/bscms/bscms/vendor/laravel/framework/src/Illuminate/Routing/Pipeline.php(53): Illuminate\\Pipeline\\Pipeline->Illuminate\\Pipeline\\{closure}(Object(Illuminate\\Http\\Request))
#94 /home/cuong246/Downloads/bscms/bscms/vendor/laravel/framework/src/Illuminate/Foundation/Http/Middleware/TransformsRequest.php(31): Illuminate\\Routing\\Pipeline->Illuminate\\Routing\\{closure}(Object(Illuminate\\Http\\Request))
#95 /home/cuong246/Downloads/bscms/bscms/vendor/laravel/framework/src/Illuminate/Pipeline/Pipeline.php(151): Illuminate\\Foundation\\Http\\Middleware\\TransformsRequest->handle(Object(Illuminate\\Http\\Request), Object(Closure))
#96 /home/cuong246/Downloads/bscms/bscms/vendor/laravel/framework/src/Illuminate/Routing/Pipeline.php(53): Illuminate\\Pipeline\\Pipeline->Illuminate\\Pipeline\\{closure}(Object(Illuminate\\Http\\Request))
#97 /home/cuong246/Downloads/bscms/bscms/vendor/laravel/framework/src/Illuminate/Foundation/Http/Middleware/TransformsRequest.php(31): Illuminate\\Routing\\Pipeline->Illuminate\\Routing\\{closure}(Object(Illuminate\\Http\\Request))
#98 /home/cuong246/Downloads/bscms/bscms/vendor/laravel/framework/src/Illuminate/Pipeline/Pipeline.php(151): Illuminate\\Foundation\\Http\\Middleware\\TransformsRequest->handle(Object(Illuminate\\Http\\Request), Object(Closure))
#99 /home/cuong246/Downloads/bscms/bscms/vendor/laravel/framework/src/Illuminate/Routing/Pipeline.php(53): Illuminate\\Pipeline\\Pipeline->Illuminate\\Pipeline\\{closure}(Object(Illuminate\\Http\\Request))
#100 /home/cuong246/Downloads/bscms/bscms/vendor/laravel/framework/src/Illuminate/Foundation/Http/Middleware/ValidatePostSize.php(27): Illuminate\\Routing\\Pipeline->Illuminate\\Routing\\{closure}(Object(Illuminate\\Http\\Request))
#101 /home/cuong246/Downloads/bscms/bscms/vendor/laravel/framework/src/Illuminate/Pipeline/Pipeline.php(151): Illuminate\\Foundation\\Http\\Middleware\\ValidatePostSize->handle(Object(Illuminate\\Http\\Request), Object(Closure))
#102 /home/cuong246/Downloads/bscms/bscms/vendor/laravel/framework/src/Illuminate/Routing/Pipeline.php(53): Illuminate\\Pipeline\\Pipeline->Illuminate\\Pipeline\\{closure}(Object(Illuminate\\Http\\Request))
#103 /home/cuong246/Downloads/bscms/bscms/vendor/laravel/framework/src/Illuminate/Foundation/Http/Middleware/CheckForMaintenanceMode.php(62): Illuminate\\Routing\\Pipeline->Illuminate\\Routing\\{closure}(Object(Illuminate\\Http\\Request))
#104 /home/cuong246/Downloads/bscms/bscms/vendor/laravel/framework/src/Illuminate/Pipeline/Pipeline.php(151): Illuminate\\Foundation\\Http\\Middleware\\CheckForMaintenanceMode->handle(Object(Illuminate\\Http\\Request), Object(Closure))
#105 /home/cuong246/Downloads/bscms/bscms/vendor/laravel/framework/src/Illuminate/Routing/Pipeline.php(53): Illuminate\\Pipeline\\Pipeline->Illuminate\\Pipeline\\{closure}(Object(Illuminate\\Http\\Request))
#106 /home/cuong246/Downloads/bscms/bscms/vendor/laravel/framework/src/Illuminate/Pipeline/Pipeline.php(104): Illuminate\\Routing\\Pipeline->Illuminate\\Routing\\{closure}(Object(Illuminate\\Http\\Request))
#107 /home/cuong246/Downloads/bscms/bscms/vendor/laravel/framework/src/Illuminate/Foundation/Http/Kernel.php(151): Illuminate\\Pipeline\\Pipeline->then(Object(Closure))
#108 /home/cuong246/Downloads/bscms/bscms/vendor/laravel/framework/src/Illuminate/Foundation/Http/Kernel.php(116): Illuminate\\Foundation\\Http\\Kernel->sendRequestThroughRouter(Object(Illuminate\\Http\\Request))
#109 /home/cuong246/Downloads/bscms/bscms/public/index.php(55): Illuminate\\Foundation\\Http\\Kernel->handle(Object(Illuminate\\Http\\Request))
#110 /home/cuong246/Downloads/bscms/bscms/server.php(21): require_once('/home/cuong246/...')
#111 {main}
"} 
[2018-11-07 17:27:40] production.ERROR: No hint path defined for [plgins.blog]. {"userId":1,"email":"thuandc@bytesoft.net","exception":"[object] (InvalidArgumentException(code: 0): No hint path defined for [plgins.blog]. at /home/cuong246/Downloads/bscms/bscms/vendor/laravel/framework/src/Illuminate/View/FileViewFinder.php:112)
[stacktrace]
#0 /home/cuong246/Downloads/bscms/bscms/vendor/laravel/framework/src/Illuminate/View/FileViewFinder.php(90): Illuminate\\View\\FileViewFinder->parseNamespaceSegments('plgins.blog::po...')
#1 /home/cuong246/Downloads/bscms/bscms/vendor/laravel/framework/src/Illuminate/View/FileViewFinder.php(76): Illuminate\\View\\FileViewFinder->findNamespacedView('plgins.blog::po...')
#2 /home/cuong246/Downloads/bscms/bscms/vendor/botble/platform/shortcode/src/View/Factory.php(53): Illuminate\\View\\FileViewFinder->find('plgins.blog::po...')
#3 /home/cuong246/Downloads/bscms/bscms/vendor/laravel/framework/src/Illuminate/Foundation/helpers.php(1001): Bytesoft\\Shortcode\\View\\Factory->make('plgins.blog::po...', Array, Array)
#4 /home/cuong246/Downloads/bscms/bscms/plugins/blog/src/Providers/HookServiceProvider.php(108): view('plgins.blog::po...', Array)
#5 [internal function]: Bytesoft\\Blog\\Providers\\HookServiceProvider->registerDashboardWidgets(Array, Object(Illuminate\\Database\\Eloquent\\Collection))
#6 /home/cuong246/Downloads/bscms/bscms/vendor/botble/platform/base/src/Supports/Filter.php(29): call_user_func_array(Array, Array)
#7 /home/cuong246/Downloads/bscms/bscms/vendor/laravel/framework/src/Illuminate/Support/Facades/Facade.php(223): Bytesoft\\Base\\Supports\\Filter->fire('admin_dashboard...', Array)
#8 /home/cuong246/Downloads/bscms/bscms/vendor/botble/platform/base/helpers/action-filter.php(50): Illuminate\\Support\\Facades\\Facade::__callStatic('fire', Array)
#9 /home/cuong246/Downloads/bscms/bscms/vendor/botble/platform/dashboard/src/Http/Controllers/DashboardController.php(82): apply_filters('admin_dashboard...', Array, Object(Illuminate\\Database\\Eloquent\\Collection))
#10 [internal function]: Bytesoft\\Dashboard\\Http\\Controllers\\DashboardController->getDashboard()
#11 /home/cuong246/Downloads/bscms/bscms/vendor/laravel/framework/src/Illuminate/Routing/Controller.php(54): call_user_func_array(Array, Array)
#12 /home/cuong246/Downloads/bscms/bscms/vendor/laravel/framework/src/Illuminate/Routing/ControllerDispatcher.php(45): Illuminate\\Routing\\Controller->callAction('getDashboard', Array)
#13 /home/cuong246/Downloads/bscms/bscms/vendor/laravel/framework/src/Illuminate/Routing/Route.php(212): Illuminate\\Routing\\ControllerDispatcher->dispatch(Object(Illuminate\\Routing\\Route), Object(Bytesoft\\Dashboard\\Http\\Controllers\\DashboardController), 'getDashboard')
#14 /home/cuong246/Downloads/bscms/bscms/vendor/laravel/framework/src/Illuminate/Routing/Route.php(169): Illuminate\\Routing\\Route->runController()
#15 /home/cuong246/Downloads/bscms/bscms/vendor/laravel/framework/src/Illuminate/Routing/Router.php(679): Illuminate\\Routing\\Route->run()
#16 /home/cuong246/Downloads/bscms/bscms/vendor/laravel/framework/src/Illuminate/Routing/Pipeline.php(30): Illuminate\\Routing\\Router->Illuminate\\Routing\\{closure}(Object(Illuminate\\Http\\Request))
#17 /home/cuong246/Downloads/bscms/bscms/vendor/botble/platform/acl/src/Http/Middleware/Authenticate.php(40): Illuminate\\Routing\\Pipeline->Illuminate\\Routing\\{closure}(Object(Illuminate\\Http\\Request))
#18 /home/cuong246/Downloads/bscms/bscms/vendor/laravel/framework/src/Illuminate/Pipeline/Pipeline.php(151): Bytesoft\\ACL\\Http\\Middleware\\Authenticate->handle(Object(Illuminate\\Http\\Request), Object(Closure))
#19 /home/cuong246/Downloads/bscms/bscms/vendor/laravel/framework/src/Illuminate/Routing/Pipeline.php(53): Illuminate\\Pipeline\\Pipeline->Illuminate\\Pipeline\\{closure}(Object(Illuminate\\Http\\Request))
#20 /home/cuong246/Downloads/bscms/bscms/vendor/botble/platform/optimize/src/Http/Middleware/PageSpeed.php(27): Illuminate\\Routing\\Pipeline->Illuminate\\Routing\\{closure}(Object(Illuminate\\Http\\Request))
#21 /home/cuong246/Downloads/bscms/bscms/vendor/laravel/framework/src/Illuminate/Pipeline/Pipeline.php(151): Bytesoft\\Optimize\\Http\\Middleware\\PageSpeed->handle(Object(Illuminate\\Http\\Request), Object(Closure))
#22 /home/cuong246/Downloads/bscms/bscms/vendor/laravel/framework/src/Illuminate/Routing/Pipeline.php(53): Illuminate\\Pipeline\\Pipeline->Illuminate\\Pipeline\\{closure}(Object(Illuminate\\Http\\Request))
#23 /home/cuong246/Downloads/bscms/bscms/vendor/botble/platform/optimize/src/Http/Middleware/PageSpeed.php(27): Illuminate\\Routing\\Pipeline->Illuminate\\Routing\\{closure}(Object(Illuminate\\Http\\Request))
#24 /home/cuong246/Downloads/bscms/bscms/vendor/laravel/framework/src/Illuminate/Pipeline/Pipeline.php(151): Bytesoft\\Optimize\\Http\\Middleware\\PageSpeed->handle(Object(Illuminate\\Http\\Request), Object(Closure))
#25 /home/cuong246/Downloads/bscms/bscms/vendor/laravel/framework/src/Illuminate/Routing/Pipeline.php(53): Illuminate\\Pipeline\\Pipeline->Illuminate\\Pipeline\\{closure}(Object(Illuminate\\Http\\Request))
#26 /home/cuong246/Downloads/bscms/bscms/vendor/botble/platform/optimize/src/Http/Middleware/PageSpeed.php(27): Illuminate\\Routing\\Pipeline->Illuminate\\Routing\\{closure}(Object(Illuminate\\Http\\Request))
#27 /home/cuong246/Downloads/bscms/bscms/vendor/laravel/framework/src/Illuminate/Pipeline/Pipeline.php(151): Bytesoft\\Optimize\\Http\\Middleware\\PageSpeed->handle(Object(Illuminate\\Http\\Request), Object(Closure))
#28 /home/cuong246/Downloads/bscms/bscms/vendor/laravel/framework/src/Illuminate/Routing/Pipeline.php(53): Illuminate\\Pipeline\\Pipeline->Illuminate\\Pipeline\\{closure}(Object(Illuminate\\Http\\Request))
#29 /home/cuong246/Downloads/bscms/bscms/vendor/botble/platform/optimize/src/Http/Middleware/PageSpeed.php(27): Illuminate\\Routing\\Pipeline->Illuminate\\Routing\\{closure}(Object(Illuminate\\Http\\Request))
#30 /home/cuong246/Downloads/bscms/bscms/vendor/laravel/framework/src/Illuminate/Pipeline/Pipeline.php(151): Bytesoft\\Optimize\\Http\\Middleware\\PageSpeed->handle(Object(Illuminate\\Http\\Request), Object(Closure))
#31 /home/cuong246/Downloads/bscms/bscms/vendor/laravel/framework/src/Illuminate/Routing/Pipeline.php(53): Illuminate\\Pipeline\\Pipeline->Illuminate\\Pipeline\\{closure}(Object(Illuminate\\Http\\Request))
#32 /home/cuong246/Downloads/bscms/bscms/vendor/botble/platform/installer/src/Http/Middleware/RedirectIfNotInstalledMiddleware.php(23): Illuminate\\Routing\\Pipeline->Illuminate\\Routing\\{closure}(Object(Illuminate\\Http\\Request))
#33 /home/cuong246/Downloads/bscms/bscms/vendor/laravel/framework/src/Illuminate/Pipeline/Pipeline.php(151): Bytesoft\\Installer\\Http\\Middleware\\RedirectIfNotInstalledMiddleware->handle(Object(Illuminate\\Http\\Request), Object(Closure))
#34 /home/cuong246/Downloads/bscms/bscms/vendor/laravel/framework/src/Illuminate/Routing/Pipeline.php(53): Illuminate\\Pipeline\\Pipeline->Illuminate\\Pipeline\\{closure}(Object(Illuminate\\Http\\Request))
#35 /home/cuong246/Downloads/bscms/bscms/vendor/laravel/framework/src/Illuminate/Session/Middleware/StartSession.php(63): Illuminate\\Routing\\Pipeline->Illuminate\\Routing\\{closure}(Object(Illuminate\\Http\\Request))
#36 /home/cuong246/Downloads/bscms/bscms/vendor/laravel/framework/src/Illuminate/Pipeline/Pipeline.php(151): Illuminate\\Session\\Middleware\\StartSession->handle(Object(Illuminate\\Http\\Request), Object(Closure))
#37 /home/cuong246/Downloads/bscms/bscms/vendor/laravel/framework/src/Illuminate/Routing/Pipeline.php(53): Illuminate\\Pipeline\\Pipeline->Illuminate\\Pipeline\\{closure}(Object(Illuminate\\Http\\Request))
#38 /home/cuong246/Downloads/bscms/bscms/vendor/botble/platform/base/src/Http/Middleware/AdminBarMiddleware.php(45): Illuminate\\Routing\\Pipeline->Illuminate\\Routing\\{closure}(Object(Illuminate\\Http\\Request))
#39 /home/cuong246/Downloads/bscms/bscms/vendor/laravel/framework/src/Illuminate/Pipeline/Pipeline.php(151): Bytesoft\\Base\\Http\\Middleware\\AdminBarMiddleware->handle(Object(Illuminate\\Http\\Request), Object(Closure))
#40 /home/cuong246/Downloads/bscms/bscms/vendor/laravel/framework/src/Illuminate/Routing/Pipeline.php(53): Illuminate\\Pipeline\\Pipeline->Illuminate\\Pipeline\\{closure}(Object(Illuminate\\Http\\Request))
#41 /home/cuong246/Downloads/bscms/bscms/vendor/botble/platform/base/src/Http/Middleware/HttpsProtocolMiddleware.php(23): Illuminate\\Routing\\Pipeline->Illuminate\\Routing\\{closure}(Object(Illuminate\\Http\\Request))
#42 /home/cuong246/Downloads/bscms/bscms/vendor/laravel/framework/src/Illuminate/Pipeline/Pipeline.php(151): Bytesoft\\Base\\Http\\Middleware\\HttpsProtocolMiddleware->handle(Object(Illuminate\\Http\\Request), Object(Closure))
#43 /home/cuong246/Downloads/bscms/bscms/vendor/laravel/framework/src/Illuminate/Routing/Pipeline.php(53): Illuminate\\Pipeline\\Pipeline->Illuminate\\Pipeline\\{closure}(Object(Illuminate\\Http\\Request))
#44 /home/cuong246/Downloads/bscms/bscms/vendor/botble/platform/base/src/Http/Middleware/LocaleMiddleware.php(34): Illuminate\\Routing\\Pipeline->Illuminate\\Routing\\{closure}(Object(Illuminate\\Http\\Request))
#45 /home/cuong246/Downloads/bscms/bscms/vendor/laravel/framework/src/Illuminate/Pipeline/Pipeline.php(151): Bytesoft\\Base\\Http\\Middleware\\LocaleMiddleware->handle(Object(Illuminate\\Http\\Request), Object(Closure))
#46 /home/cuong246/Downloads/bscms/bscms/vendor/laravel/framework/src/Illuminate/Routing/Pipeline.php(53): Illuminate\\Pipeline\\Pipeline->Illuminate\\Pipeline\\{closure}(Object(Illuminate\\Http\\Request))
#47 /home/cuong246/Downloads/bscms/bscms/vendor/laravel/framework/src/Illuminate/Routing/Middleware/SubstituteBindings.php(41): Illuminate\\Routing\\Pipeline->Illuminate\\Routing\\{closure}(Object(Illuminate\\Http\\Request))
#48 /home/cuong246/Downloads/bscms/bscms/vendor/laravel/framework/src/Illuminate/Pipeline/Pipeline.php(151): Illuminate\\Routing\\Middleware\\SubstituteBindings->handle(Object(Illuminate\\Http\\Request), Object(Closure))
#49 /home/cuong246/Downloads/bscms/bscms/vendor/laravel/framework/src/Illuminate/Routing/Pipeline.php(53): Illuminate\\Pipeline\\Pipeline->Illuminate\\Pipeline\\{closure}(Object(Illuminate\\Http\\Request))
#50 /home/cuong246/Downloads/bscms/bscms/vendor/laravel/framework/src/Illuminate/Foundation/Http/Middleware/VerifyCsrfToken.php(75): Illuminate\\Routing\\Pipeline->Illuminate\\Routing\\{closure}(Object(Illuminate\\Http\\Request))
#51 /home/cuong246/Downloads/bscms/bscms/vendor/laravel/framework/src/Illuminate/Pipeline/Pipeline.php(151): Illuminate\\Foundation\\Http\\Middleware\\VerifyCsrfToken->handle(Object(Illuminate\\Http\\Request), Object(Closure))
#52 /home/cuong246/Downloads/bscms/bscms/vendor/laravel/framework/src/Illuminate/Routing/Pipeline.php(53): Illuminate\\Pipeline\\Pipeline->Illuminate\\Pipeline\\{closure}(Object(Illuminate\\Http\\Request))
#53 /home/cuong246/Downloads/bscms/bscms/vendor/laravel/framework/src/Illuminate/View/Middleware/ShareErrorsFromSession.php(49): Illuminate\\Routing\\Pipeline->Illuminate\\Routing\\{closure}(Object(Illuminate\\Http\\Request))
#54 /home/cuong246/Downloads/bscms/bscms/vendor/laravel/framework/src/Illuminate/Pipeline/Pipeline.php(151): Illuminate\\View\\Middleware\\ShareErrorsFromSession->handle(Object(Illuminate\\Http\\Request), Object(Closure))
#55 /home/cuong246/Downloads/bscms/bscms/vendor/laravel/framework/src/Illuminate/Routing/Pipeline.php(53): Illuminate\\Pipeline\\Pipeline->Illuminate\\Pipeline\\{closure}(Object(Illuminate\\Http\\Request))
#56 /home/cuong246/Downloads/bscms/bscms/vendor/laravel/framework/src/Illuminate/Session/Middleware/StartSession.php(63): Illuminate\\Routing\\Pipeline->Illuminate\\Routing\\{closure}(Object(Illuminate\\Http\\Request))
#57 /home/cuong246/Downloads/bscms/bscms/vendor/laravel/framework/src/Illuminate/Pipeline/Pipeline.php(151): Illuminate\\Session\\Middleware\\StartSession->handle(Object(Illuminate\\Http\\Request), Object(Closure))
#58 /home/cuong246/Downloads/bscms/bscms/vendor/laravel/framework/src/Illuminate/Routing/Pipeline.php(53): Illuminate\\Pipeline\\Pipeline->Illuminate\\Pipeline\\{closure}(Object(Illuminate\\Http\\Request))
#59 /home/cuong246/Downloads/bscms/bscms/vendor/laravel/framework/src/Illuminate/Cookie/Middleware/AddQueuedCookiesToResponse.php(37): Illuminate\\Routing\\Pipeline->Illuminate\\Routing\\{closure}(Object(Illuminate\\Http\\Request))
#60 /home/cuong246/Downloads/bscms/bscms/vendor/laravel/framework/src/Illuminate/Pipeline/Pipeline.php(151): Illuminate\\Cookie\\Middleware\\AddQueuedCookiesToResponse->handle(Object(Illuminate\\Http\\Request), Object(Closure))
#61 /home/cuong246/Downloads/bscms/bscms/vendor/laravel/framework/src/Illuminate/Routing/Pipeline.php(53): Illuminate\\Pipeline\\Pipeline->Illuminate\\Pipeline\\{closure}(Object(Illuminate\\Http\\Request))
#62 /home/cuong246/Downloads/bscms/bscms/vendor/laravel/framework/src/Illuminate/Cookie/Middleware/EncryptCookies.php(66): Illuminate\\Routing\\Pipeline->Illuminate\\Routing\\{closure}(Object(Illuminate\\Http\\Request))
#63 /home/cuong246/Downloads/bscms/bscms/vendor/laravel/framework/src/Illuminate/Pipeline/Pipeline.php(151): Illuminate\\Cookie\\Middleware\\EncryptCookies->handle(Object(Illuminate\\Http\\Request), Object(Closure))
#64 /home/cuong246/Downloads/bscms/bscms/vendor/laravel/framework/src/Illuminate/Routing/Pipeline.php(53): Illuminate\\Pipeline\\Pipeline->Illuminate\\Pipeline\\{closure}(Object(Illuminate\\Http\\Request))
#65 /home/cuong246/Downloads/bscms/bscms/vendor/laravel/framework/src/Illuminate/Pipeline/Pipeline.php(104): Illuminate\\Routing\\Pipeline->Illuminate\\Routing\\{closure}(Object(Illuminate\\Http\\Request))
#66 /home/cuong246/Downloads/bscms/bscms/vendor/laravel/framework/src/Illuminate/Routing/Router.php(681): Illuminate\\Pipeline\\Pipeline->then(Object(Closure))
#67 /home/cuong246/Downloads/bscms/bscms/vendor/laravel/framework/src/Illuminate/Routing/Router.php(656): Illuminate\\Routing\\Router->runRouteWithinStack(Object(Illuminate\\Routing\\Route), Object(Illuminate\\Http\\Request))
#68 /home/cuong246/Downloads/bscms/bscms/vendor/laravel/framework/src/Illuminate/Routing/Router.php(622): Illuminate\\Routing\\Router->runRoute(Object(Illuminate\\Http\\Request), Object(Illuminate\\Routing\\Route))
#69 /home/cuong246/Downloads/bscms/bscms/vendor/laravel/framework/src/Illuminate/Routing/Router.php(611): Illuminate\\Routing\\Router->dispatchToRoute(Object(Illuminate\\Http\\Request))
#70 /home/cuong246/Downloads/bscms/bscms/vendor/laravel/framework/src/Illuminate/Foundation/Http/Kernel.php(176): Illuminate\\Routing\\Router->dispatch(Object(Illuminate\\Http\\Request))
#71 /home/cuong246/Downloads/bscms/bscms/vendor/laravel/framework/src/Illuminate/Routing/Pipeline.php(30): Illuminate\\Foundation\\Http\\Kernel->Illuminate\\Foundation\\Http\\{closure}(Object(Illuminate\\Http\\Request))
#72 /home/cuong246/Downloads/bscms/bscms/vendor/proengsoft/laravel-jsvalidation/src/RemoteValidationMiddleware.php(53): Illuminate\\Routing\\Pipeline->Illuminate\\Routing\\{closure}(Object(Illuminate\\Http\\Request))
#73 /home/cuong246/Downloads/bscms/bscms/vendor/laravel/framework/src/Illuminate/Pipeline/Pipeline.php(151): Proengsoft\\JsValidation\\RemoteValidationMiddleware->handle(Object(Illuminate\\Http\\Request), Object(Closure))
#74 /home/cuong246/Downloads/bscms/bscms/vendor/laravel/framework/src/Illuminate/Routing/Pipeline.php(53): Illuminate\\Pipeline\\Pipeline->Illuminate\\Pipeline\\{closure}(Object(Illuminate\\Http\\Request))
#75 /home/cuong246/Downloads/bscms/bscms/vendor/barryvdh/laravel-debugbar/src/Middleware/InjectDebugbar.php(65): Illuminate\\Routing\\Pipeline->Illuminate\\Routing\\{closure}(Object(Illuminate\\Http\\Request))
#76 /home/cuong246/Downloads/bscms/bscms/vendor/laravel/framework/src/Illuminate/Pipeline/Pipeline.php(151): Barryvdh\\Debugbar\\Middleware\\InjectDebugbar->handle(Object(Illuminate\\Http\\Request), Object(Closure))
#77 /home/cuong246/Downloads/bscms/bscms/vendor/laravel/framework/src/Illuminate/Routing/Pipeline.php(53): Illuminate\\Pipeline\\Pipeline->Illuminate\\Pipeline\\{closure}(Object(Illuminate\\Http\\Request))
#78 /home/cuong246/Downloads/bscms/bscms/vendor/fideloper/proxy/src/TrustProxies.php(57): Illuminate\\Routing\\Pipeline->Illuminate\\Routing\\{closure}(Object(Illuminate\\Http\\Request))
#79 /home/cuong246/Downloads/bscms/bscms/vendor/laravel/framework/src/Illuminate/Pipeline/Pipeline.php(151): Fideloper\\Proxy\\TrustProxies->handle(Object(Illuminate\\Http\\Request), Object(Closure))
#80 /home/cuong246/Downloads/bscms/bscms/vendor/laravel/framework/src/Illuminate/Routing/Pipeline.php(53): Illuminate\\Pipeline\\Pipeline->Illuminate\\Pipeline\\{closure}(Object(Illuminate\\Http\\Request))
#81 /home/cuong246/Downloads/bscms/bscms/vendor/laravel/framework/src/Illuminate/Foundation/Http/Middleware/TransformsRequest.php(31): Illuminate\\Routing\\Pipeline->Illuminate\\Routing\\{closure}(Object(Illuminate\\Http\\Request))
#82 /home/cuong246/Downloads/bscms/bscms/vendor/laravel/framework/src/Illuminate/Pipeline/Pipeline.php(151): Illuminate\\Foundation\\Http\\Middleware\\TransformsRequest->handle(Object(Illuminate\\Http\\Request), Object(Closure))
#83 /home/cuong246/Downloads/bscms/bscms/vendor/laravel/framework/src/Illuminate/Routing/Pipeline.php(53): Illuminate\\Pipeline\\Pipeline->Illuminate\\Pipeline\\{closure}(Object(Illuminate\\Http\\Request))
#84 /home/cuong246/Downloads/bscms/bscms/vendor/laravel/framework/src/Illuminate/Foundation/Http/Middleware/TransformsRequest.php(31): Illuminate\\Routing\\Pipeline->Illuminate\\Routing\\{closure}(Object(Illuminate\\Http\\Request))
#85 /home/cuong246/Downloads/bscms/bscms/vendor/laravel/framework/src/Illuminate/Pipeline/Pipeline.php(151): Illuminate\\Foundation\\Http\\Middleware\\TransformsRequest->handle(Object(Illuminate\\Http\\Request), Object(Closure))
#86 /home/cuong246/Downloads/bscms/bscms/vendor/laravel/framework/src/Illuminate/Routing/Pipeline.php(53): Illuminate\\Pipeline\\Pipeline->Illuminate\\Pipeline\\{closure}(Object(Illuminate\\Http\\Request))
#87 /home/cuong246/Downloads/bscms/bscms/vendor/laravel/framework/src/Illuminate/Foundation/Http/Middleware/ValidatePostSize.php(27): Illuminate\\Routing\\Pipeline->Illuminate\\Routing\\{closure}(Object(Illuminate\\Http\\Request))
#88 /home/cuong246/Downloads/bscms/bscms/vendor/laravel/framework/src/Illuminate/Pipeline/Pipeline.php(151): Illuminate\\Foundation\\Http\\Middleware\\ValidatePostSize->handle(Object(Illuminate\\Http\\Request), Object(Closure))
#89 /home/cuong246/Downloads/bscms/bscms/vendor/laravel/framework/src/Illuminate/Routing/Pipeline.php(53): Illuminate\\Pipeline\\Pipeline->Illuminate\\Pipeline\\{closure}(Object(Illuminate\\Http\\Request))
#90 /home/cuong246/Downloads/bscms/bscms/vendor/laravel/framework/src/Illuminate/Foundation/Http/Middleware/CheckForMaintenanceMode.php(62): Illuminate\\Routing\\Pipeline->Illuminate\\Routing\\{closure}(Object(Illuminate\\Http\\Request))
#91 /home/cuong246/Downloads/bscms/bscms/vendor/laravel/framework/src/Illuminate/Pipeline/Pipeline.php(151): Illuminate\\Foundation\\Http\\Middleware\\CheckForMaintenanceMode->handle(Object(Illuminate\\Http\\Request), Object(Closure))
#92 /home/cuong246/Downloads/bscms/bscms/vendor/laravel/framework/src/Illuminate/Routing/Pipeline.php(53): Illuminate\\Pipeline\\Pipeline->Illuminate\\Pipeline\\{closure}(Object(Illuminate\\Http\\Request))
#93 /home/cuong246/Downloads/bscms/bscms/vendor/laravel/framework/src/Illuminate/Pipeline/Pipeline.php(104): Illuminate\\Routing\\Pipeline->Illuminate\\Routing\\{closure}(Object(Illuminate\\Http\\Request))
#94 /home/cuong246/Downloads/bscms/bscms/vendor/laravel/framework/src/Illuminate/Foundation/Http/Kernel.php(151): Illuminate\\Pipeline\\Pipeline->then(Object(Closure))
#95 /home/cuong246/Downloads/bscms/bscms/vendor/laravel/framework/src/Illuminate/Foundation/Http/Kernel.php(116): Illuminate\\Foundation\\Http\\Kernel->sendRequestThroughRouter(Object(Illuminate\\Http\\Request))
#96 /home/cuong246/Downloads/bscms/bscms/public/index.php(55): Illuminate\\Foundation\\Http\\Kernel->handle(Object(Illuminate\\Http\\Request))
#97 /home/cuong246/Downloads/bscms/bscms/server.php(21): require_once('/home/cuong246/...')
#98 {main}
"} 
[2018-11-07 17:29:30] production.ERROR: View [posts.widgets.baseu] not found. {"userId":1,"email":"thuandc@bytesoft.net","exception":"[object] (InvalidArgumentException(code: 0): View [posts.widgets.baseu] not found. at /home/cuong246/Downloads/bscms/bscms/vendor/laravel/framework/src/Illuminate/View/FileViewFinder.php:137)
[stacktrace]
#0 /home/cuong246/Downloads/bscms/bscms/vendor/laravel/framework/src/Illuminate/View/FileViewFinder.php(92): Illuminate\\View\\FileViewFinder->findInPaths('posts.widgets.b...', Array)
#1 /home/cuong246/Downloads/bscms/bscms/vendor/laravel/framework/src/Illuminate/View/FileViewFinder.php(76): Illuminate\\View\\FileViewFinder->findNamespacedView('plugins.blog::p...')
#2 /home/cuong246/Downloads/bscms/bscms/vendor/botble/platform/shortcode/src/View/Factory.php(53): Illuminate\\View\\FileViewFinder->find('plugins.blog::p...')
#3 /home/cuong246/Downloads/bscms/bscms/vendor/laravel/framework/src/Illuminate/Foundation/helpers.php(1001): Bytesoft\\Shortcode\\View\\Factory->make('plugins.blog::p...', Array, Array)
#4 /home/cuong246/Downloads/bscms/bscms/plugins/blog/src/Providers/HookServiceProvider.php(108): view('plugins.blog::p...', Array)
#5 [internal function]: Bytesoft\\Blog\\Providers\\HookServiceProvider->registerDashboardWidgets(Array, Object(Illuminate\\Database\\Eloquent\\Collection))
#6 /home/cuong246/Downloads/bscms/bscms/vendor/botble/platform/base/src/Supports/Filter.php(29): call_user_func_array(Array, Array)
#7 /home/cuong246/Downloads/bscms/bscms/vendor/laravel/framework/src/Illuminate/Support/Facades/Facade.php(223): Bytesoft\\Base\\Supports\\Filter->fire('admin_dashboard...', Array)
#8 /home/cuong246/Downloads/bscms/bscms/vendor/botble/platform/base/helpers/action-filter.php(50): Illuminate\\Support\\Facades\\Facade::__callStatic('fire', Array)
#9 /home/cuong246/Downloads/bscms/bscms/vendor/botble/platform/dashboard/src/Http/Controllers/DashboardController.php(82): apply_filters('admin_dashboard...', Array, Object(Illuminate\\Database\\Eloquent\\Collection))
#10 [internal function]: Bytesoft\\Dashboard\\Http\\Controllers\\DashboardController->getDashboard()
#11 /home/cuong246/Downloads/bscms/bscms/vendor/laravel/framework/src/Illuminate/Routing/Controller.php(54): call_user_func_array(Array, Array)
#12 /home/cuong246/Downloads/bscms/bscms/vendor/laravel/framework/src/Illuminate/Routing/ControllerDispatcher.php(45): Illuminate\\Routing\\Controller->callAction('getDashboard', Array)
#13 /home/cuong246/Downloads/bscms/bscms/vendor/laravel/framework/src/Illuminate/Routing/Route.php(212): Illuminate\\Routing\\ControllerDispatcher->dispatch(Object(Illuminate\\Routing\\Route), Object(Bytesoft\\Dashboard\\Http\\Controllers\\DashboardController), 'getDashboard')
#14 /home/cuong246/Downloads/bscms/bscms/vendor/laravel/framework/src/Illuminate/Routing/Route.php(169): Illuminate\\Routing\\Route->runController()
#15 /home/cuong246/Downloads/bscms/bscms/vendor/laravel/framework/src/Illuminate/Routing/Router.php(679): Illuminate\\Routing\\Route->run()
#16 /home/cuong246/Downloads/bscms/bscms/vendor/laravel/framework/src/Illuminate/Routing/Pipeline.php(30): Illuminate\\Routing\\Router->Illuminate\\Routing\\{closure}(Object(Illuminate\\Http\\Request))
#17 /home/cuong246/Downloads/bscms/bscms/vendor/botble/platform/acl/src/Http/Middleware/Authenticate.php(40): Illuminate\\Routing\\Pipeline->Illuminate\\Routing\\{closure}(Object(Illuminate\\Http\\Request))
#18 /home/cuong246/Downloads/bscms/bscms/vendor/laravel/framework/src/Illuminate/Pipeline/Pipeline.php(151): Bytesoft\\ACL\\Http\\Middleware\\Authenticate->handle(Object(Illuminate\\Http\\Request), Object(Closure))
#19 /home/cuong246/Downloads/bscms/bscms/vendor/laravel/framework/src/Illuminate/Routing/Pipeline.php(53): Illuminate\\Pipeline\\Pipeline->Illuminate\\Pipeline\\{closure}(Object(Illuminate\\Http\\Request))
#20 /home/cuong246/Downloads/bscms/bscms/vendor/botble/platform/optimize/src/Http/Middleware/PageSpeed.php(27): Illuminate\\Routing\\Pipeline->Illuminate\\Routing\\{closure}(Object(Illuminate\\Http\\Request))
#21 /home/cuong246/Downloads/bscms/bscms/vendor/laravel/framework/src/Illuminate/Pipeline/Pipeline.php(151): Bytesoft\\Optimize\\Http\\Middleware\\PageSpeed->handle(Object(Illuminate\\Http\\Request), Object(Closure))
#22 /home/cuong246/Downloads/bscms/bscms/vendor/laravel/framework/src/Illuminate/Routing/Pipeline.php(53): Illuminate\\Pipeline\\Pipeline->Illuminate\\Pipeline\\{closure}(Object(Illuminate\\Http\\Request))
#23 /home/cuong246/Downloads/bscms/bscms/vendor/botble/platform/optimize/src/Http/Middleware/PageSpeed.php(27): Illuminate\\Routing\\Pipeline->Illuminate\\Routing\\{closure}(Object(Illuminate\\Http\\Request))
#24 /home/cuong246/Downloads/bscms/bscms/vendor/laravel/framework/src/Illuminate/Pipeline/Pipeline.php(151): Bytesoft\\Optimize\\Http\\Middleware\\PageSpeed->handle(Object(Illuminate\\Http\\Request), Object(Closure))
#25 /home/cuong246/Downloads/bscms/bscms/vendor/laravel/framework/src/Illuminate/Routing/Pipeline.php(53): Illuminate\\Pipeline\\Pipeline->Illuminate\\Pipeline\\{closure}(Object(Illuminate\\Http\\Request))
#26 /home/cuong246/Downloads/bscms/bscms/vendor/botble/platform/optimize/src/Http/Middleware/PageSpeed.php(27): Illuminate\\Routing\\Pipeline->Illuminate\\Routing\\{closure}(Object(Illuminate\\Http\\Request))
#27 /home/cuong246/Downloads/bscms/bscms/vendor/laravel/framework/src/Illuminate/Pipeline/Pipeline.php(151): Bytesoft\\Optimize\\Http\\Middleware\\PageSpeed->handle(Object(Illuminate\\Http\\Request), Object(Closure))
#28 /home/cuong246/Downloads/bscms/bscms/vendor/laravel/framework/src/Illuminate/Routing/Pipeline.php(53): Illuminate\\Pipeline\\Pipeline->Illuminate\\Pipeline\\{closure}(Object(Illuminate\\Http\\Request))
#29 /home/cuong246/Downloads/bscms/bscms/vendor/botble/platform/optimize/src/Http/Middleware/PageSpeed.php(27): Illuminate\\Routing\\Pipeline->Illuminate\\Routing\\{closure}(Object(Illuminate\\Http\\Request))
#30 /home/cuong246/Downloads/bscms/bscms/vendor/laravel/framework/src/Illuminate/Pipeline/Pipeline.php(151): Bytesoft\\Optimize\\Http\\Middleware\\PageSpeed->handle(Object(Illuminate\\Http\\Request), Object(Closure))
#31 /home/cuong246/Downloads/bscms/bscms/vendor/laravel/framework/src/Illuminate/Routing/Pipeline.php(53): Illuminate\\Pipeline\\Pipeline->Illuminate\\Pipeline\\{closure}(Object(Illuminate\\Http\\Request))
#32 /home/cuong246/Downloads/bscms/bscms/vendor/botble/platform/installer/src/Http/Middleware/RedirectIfNotInstalledMiddleware.php(23): Illuminate\\Routing\\Pipeline->Illuminate\\Routing\\{closure}(Object(Illuminate\\Http\\Request))
#33 /home/cuong246/Downloads/bscms/bscms/vendor/laravel/framework/src/Illuminate/Pipeline/Pipeline.php(151): Bytesoft\\Installer\\Http\\Middleware\\RedirectIfNotInstalledMiddleware->handle(Object(Illuminate\\Http\\Request), Object(Closure))
#34 /home/cuong246/Downloads/bscms/bscms/vendor/laravel/framework/src/Illuminate/Routing/Pipeline.php(53): Illuminate\\Pipeline\\Pipeline->Illuminate\\Pipeline\\{closure}(Object(Illuminate\\Http\\Request))
#35 /home/cuong246/Downloads/bscms/bscms/vendor/laravel/framework/src/Illuminate/Session/Middleware/StartSession.php(63): Illuminate\\Routing\\Pipeline->Illuminate\\Routing\\{closure}(Object(Illuminate\\Http\\Request))
#36 /home/cuong246/Downloads/bscms/bscms/vendor/laravel/framework/src/Illuminate/Pipeline/Pipeline.php(151): Illuminate\\Session\\Middleware\\StartSession->handle(Object(Illuminate\\Http\\Request), Object(Closure))
#37 /home/cuong246/Downloads/bscms/bscms/vendor/laravel/framework/src/Illuminate/Routing/Pipeline.php(53): Illuminate\\Pipeline\\Pipeline->Illuminate\\Pipeline\\{closure}(Object(Illuminate\\Http\\Request))
#38 /home/cuong246/Downloads/bscms/bscms/vendor/botble/platform/base/src/Http/Middleware/AdminBarMiddleware.php(45): Illuminate\\Routing\\Pipeline->Illuminate\\Routing\\{closure}(Object(Illuminate\\Http\\Request))
#39 /home/cuong246/Downloads/bscms/bscms/vendor/laravel/framework/src/Illuminate/Pipeline/Pipeline.php(151): Bytesoft\\Base\\Http\\Middleware\\AdminBarMiddleware->handle(Object(Illuminate\\Http\\Request), Object(Closure))
#40 /home/cuong246/Downloads/bscms/bscms/vendor/laravel/framework/src/Illuminate/Routing/Pipeline.php(53): Illuminate\\Pipeline\\Pipeline->Illuminate\\Pipeline\\{closure}(Object(Illuminate\\Http\\Request))
#41 /home/cuong246/Downloads/bscms/bscms/vendor/botble/platform/base/src/Http/Middleware/HttpsProtocolMiddleware.php(23): Illuminate\\Routing\\Pipeline->Illuminate\\Routing\\{closure}(Object(Illuminate\\Http\\Request))
#42 /home/cuong246/Downloads/bscms/bscms/vendor/laravel/framework/src/Illuminate/Pipeline/Pipeline.php(151): Bytesoft\\Base\\Http\\Middleware\\HttpsProtocolMiddleware->handle(Object(Illuminate\\Http\\Request), Object(Closure))
#43 /home/cuong246/Downloads/bscms/bscms/vendor/laravel/framework/src/Illuminate/Routing/Pipeline.php(53): Illuminate\\Pipeline\\Pipeline->Illuminate\\Pipeline\\{closure}(Object(Illuminate\\Http\\Request))
#44 /home/cuong246/Downloads/bscms/bscms/vendor/botble/platform/base/src/Http/Middleware/LocaleMiddleware.php(34): Illuminate\\Routing\\Pipeline->Illuminate\\Routing\\{closure}(Object(Illuminate\\Http\\Request))
#45 /home/cuong246/Downloads/bscms/bscms/vendor/laravel/framework/src/Illuminate/Pipeline/Pipeline.php(151): Bytesoft\\Base\\Http\\Middleware\\LocaleMiddleware->handle(Object(Illuminate\\Http\\Request), Object(Closure))
#46 /home/cuong246/Downloads/bscms/bscms/vendor/laravel/framework/src/Illuminate/Routing/Pipeline.php(53): Illuminate\\Pipeline\\Pipeline->Illuminate\\Pipeline\\{closure}(Object(Illuminate\\Http\\Request))
#47 /home/cuong246/Downloads/bscms/bscms/vendor/laravel/framework/src/Illuminate/Routing/Middleware/SubstituteBindings.php(41): Illuminate\\Routing\\Pipeline->Illuminate\\Routing\\{closure}(Object(Illuminate\\Http\\Request))
#48 /home/cuong246/Downloads/bscms/bscms/vendor/laravel/framework/src/Illuminate/Pipeline/Pipeline.php(151): Illuminate\\Routing\\Middleware\\SubstituteBindings->handle(Object(Illuminate\\Http\\Request), Object(Closure))
#49 /home/cuong246/Downloads/bscms/bscms/vendor/laravel/framework/src/Illuminate/Routing/Pipeline.php(53): Illuminate\\Pipeline\\Pipeline->Illuminate\\Pipeline\\{closure}(Object(Illuminate\\Http\\Request))
#50 /home/cuong246/Downloads/bscms/bscms/vendor/laravel/framework/src/Illuminate/Foundation/Http/Middleware/VerifyCsrfToken.php(75): Illuminate\\Routing\\Pipeline->Illuminate\\Routing\\{closure}(Object(Illuminate\\Http\\Request))
#51 /home/cuong246/Downloads/bscms/bscms/vendor/laravel/framework/src/Illuminate/Pipeline/Pipeline.php(151): Illuminate\\Foundation\\Http\\Middleware\\VerifyCsrfToken->handle(Object(Illuminate\\Http\\Request), Object(Closure))
#52 /home/cuong246/Downloads/bscms/bscms/vendor/laravel/framework/src/Illuminate/Routing/Pipeline.php(53): Illuminate\\Pipeline\\Pipeline->Illuminate\\Pipeline\\{closure}(Object(Illuminate\\Http\\Request))
#53 /home/cuong246/Downloads/bscms/bscms/vendor/laravel/framework/src/Illuminate/View/Middleware/ShareErrorsFromSession.php(49): Illuminate\\Routing\\Pipeline->Illuminate\\Routing\\{closure}(Object(Illuminate\\Http\\Request))
#54 /home/cuong246/Downloads/bscms/bscms/vendor/laravel/framework/src/Illuminate/Pipeline/Pipeline.php(151): Illuminate\\View\\Middleware\\ShareErrorsFromSession->handle(Object(Illuminate\\Http\\Request), Object(Closure))
#55 /home/cuong246/Downloads/bscms/bscms/vendor/laravel/framework/src/Illuminate/Routing/Pipeline.php(53): Illuminate\\Pipeline\\Pipeline->Illuminate\\Pipeline\\{closure}(Object(Illuminate\\Http\\Request))
#56 /home/cuong246/Downloads/bscms/bscms/vendor/laravel/framework/src/Illuminate/Session/Middleware/StartSession.php(63): Illuminate\\Routing\\Pipeline->Illuminate\\Routing\\{closure}(Object(Illuminate\\Http\\Request))
#57 /home/cuong246/Downloads/bscms/bscms/vendor/laravel/framework/src/Illuminate/Pipeline/Pipeline.php(151): Illuminate\\Session\\Middleware\\StartSession->handle(Object(Illuminate\\Http\\Request), Object(Closure))
#58 /home/cuong246/Downloads/bscms/bscms/vendor/laravel/framework/src/Illuminate/Routing/Pipeline.php(53): Illuminate\\Pipeline\\Pipeline->Illuminate\\Pipeline\\{closure}(Object(Illuminate\\Http\\Request))
#59 /home/cuong246/Downloads/bscms/bscms/vendor/laravel/framework/src/Illuminate/Cookie/Middleware/AddQueuedCookiesToResponse.php(37): Illuminate\\Routing\\Pipeline->Illuminate\\Routing\\{closure}(Object(Illuminate\\Http\\Request))
#60 /home/cuong246/Downloads/bscms/bscms/vendor/laravel/framework/src/Illuminate/Pipeline/Pipeline.php(151): Illuminate\\Cookie\\Middleware\\AddQueuedCookiesToResponse->handle(Object(Illuminate\\Http\\Request), Object(Closure))
#61 /home/cuong246/Downloads/bscms/bscms/vendor/laravel/framework/src/Illuminate/Routing/Pipeline.php(53): Illuminate\\Pipeline\\Pipeline->Illuminate\\Pipeline\\{closure}(Object(Illuminate\\Http\\Request))
#62 /home/cuong246/Downloads/bscms/bscms/vendor/laravel/framework/src/Illuminate/Cookie/Middleware/EncryptCookies.php(66): Illuminate\\Routing\\Pipeline->Illuminate\\Routing\\{closure}(Object(Illuminate\\Http\\Request))
#63 /home/cuong246/Downloads/bscms/bscms/vendor/laravel/framework/src/Illuminate/Pipeline/Pipeline.php(151): Illuminate\\Cookie\\Middleware\\EncryptCookies->handle(Object(Illuminate\\Http\\Request), Object(Closure))
#64 /home/cuong246/Downloads/bscms/bscms/vendor/laravel/framework/src/Illuminate/Routing/Pipeline.php(53): Illuminate\\Pipeline\\Pipeline->Illuminate\\Pipeline\\{closure}(Object(Illuminate\\Http\\Request))
#65 /home/cuong246/Downloads/bscms/bscms/vendor/laravel/framework/src/Illuminate/Pipeline/Pipeline.php(104): Illuminate\\Routing\\Pipeline->Illuminate\\Routing\\{closure}(Object(Illuminate\\Http\\Request))
#66 /home/cuong246/Downloads/bscms/bscms/vendor/laravel/framework/src/Illuminate/Routing/Router.php(681): Illuminate\\Pipeline\\Pipeline->then(Object(Closure))
#67 /home/cuong246/Downloads/bscms/bscms/vendor/laravel/framework/src/Illuminate/Routing/Router.php(656): Illuminate\\Routing\\Router->runRouteWithinStack(Object(Illuminate\\Routing\\Route), Object(Illuminate\\Http\\Request))
#68 /home/cuong246/Downloads/bscms/bscms/vendor/laravel/framework/src/Illuminate/Routing/Router.php(622): Illuminate\\Routing\\Router->runRoute(Object(Illuminate\\Http\\Request), Object(Illuminate\\Routing\\Route))
#69 /home/cuong246/Downloads/bscms/bscms/vendor/laravel/framework/src/Illuminate/Routing/Router.php(611): Illuminate\\Routing\\Router->dispatchToRoute(Object(Illuminate\\Http\\Request))
#70 /home/cuong246/Downloads/bscms/bscms/vendor/laravel/framework/src/Illuminate/Foundation/Http/Kernel.php(176): Illuminate\\Routing\\Router->dispatch(Object(Illuminate\\Http\\Request))
#71 /home/cuong246/Downloads/bscms/bscms/vendor/laravel/framework/src/Illuminate/Routing/Pipeline.php(30): Illuminate\\Foundation\\Http\\Kernel->Illuminate\\Foundation\\Http\\{closure}(Object(Illuminate\\Http\\Request))
#72 /home/cuong246/Downloads/bscms/bscms/vendor/proengsoft/laravel-jsvalidation/src/RemoteValidationMiddleware.php(53): Illuminate\\Routing\\Pipeline->Illuminate\\Routing\\{closure}(Object(Illuminate\\Http\\Request))
#73 /home/cuong246/Downloads/bscms/bscms/vendor/laravel/framework/src/Illuminate/Pipeline/Pipeline.php(151): Proengsoft\\JsValidation\\RemoteValidationMiddleware->handle(Object(Illuminate\\Http\\Request), Object(Closure))
#74 /home/cuong246/Downloads/bscms/bscms/vendor/laravel/framework/src/Illuminate/Routing/Pipeline.php(53): Illuminate\\Pipeline\\Pipeline->Illuminate\\Pipeline\\{closure}(Object(Illuminate\\Http\\Request))
#75 /home/cuong246/Downloads/bscms/bscms/vendor/barryvdh/laravel-debugbar/src/Middleware/InjectDebugbar.php(65): Illuminate\\Routing\\Pipeline->Illuminate\\Routing\\{closure}(Object(Illuminate\\Http\\Request))
#76 /home/cuong246/Downloads/bscms/bscms/vendor/laravel/framework/src/Illuminate/Pipeline/Pipeline.php(151): Barryvdh\\Debugbar\\Middleware\\InjectDebugbar->handle(Object(Illuminate\\Http\\Request), Object(Closure))
#77 /home/cuong246/Downloads/bscms/bscms/vendor/laravel/framework/src/Illuminate/Routing/Pipeline.php(53): Illuminate\\Pipeline\\Pipeline->Illuminate\\Pipeline\\{closure}(Object(Illuminate\\Http\\Request))
#78 /home/cuong246/Downloads/bscms/bscms/vendor/fideloper/proxy/src/TrustProxies.php(57): Illuminate\\Routing\\Pipeline->Illuminate\\Routing\\{closure}(Object(Illuminate\\Http\\Request))
#79 /home/cuong246/Downloads/bscms/bscms/vendor/laravel/framework/src/Illuminate/Pipeline/Pipeline.php(151): Fideloper\\Proxy\\TrustProxies->handle(Object(Illuminate\\Http\\Request), Object(Closure))
#80 /home/cuong246/Downloads/bscms/bscms/vendor/laravel/framework/src/Illuminate/Routing/Pipeline.php(53): Illuminate\\Pipeline\\Pipeline->Illuminate\\Pipeline\\{closure}(Object(Illuminate\\Http\\Request))
#81 /home/cuong246/Downloads/bscms/bscms/vendor/laravel/framework/src/Illuminate/Foundation/Http/Middleware/TransformsRequest.php(31): Illuminate\\Routing\\Pipeline->Illuminate\\Routing\\{closure}(Object(Illuminate\\Http\\Request))
#82 /home/cuong246/Downloads/bscms/bscms/vendor/laravel/framework/src/Illuminate/Pipeline/Pipeline.php(151): Illuminate\\Foundation\\Http\\Middleware\\TransformsRequest->handle(Object(Illuminate\\Http\\Request), Object(Closure))
#83 /home/cuong246/Downloads/bscms/bscms/vendor/laravel/framework/src/Illuminate/Routing/Pipeline.php(53): Illuminate\\Pipeline\\Pipeline->Illuminate\\Pipeline\\{closure}(Object(Illuminate\\Http\\Request))
#84 /home/cuong246/Downloads/bscms/bscms/vendor/laravel/framework/src/Illuminate/Foundation/Http/Middleware/TransformsRequest.php(31): Illuminate\\Routing\\Pipeline->Illuminate\\Routing\\{closure}(Object(Illuminate\\Http\\Request))
#85 /home/cuong246/Downloads/bscms/bscms/vendor/laravel/framework/src/Illuminate/Pipeline/Pipeline.php(151): Illuminate\\Foundation\\Http\\Middleware\\TransformsRequest->handle(Object(Illuminate\\Http\\Request), Object(Closure))
#86 /home/cuong246/Downloads/bscms/bscms/vendor/laravel/framework/src/Illuminate/Routing/Pipeline.php(53): Illuminate\\Pipeline\\Pipeline->Illuminate\\Pipeline\\{closure}(Object(Illuminate\\Http\\Request))
#87 /home/cuong246/Downloads/bscms/bscms/vendor/laravel/framework/src/Illuminate/Foundation/Http/Middleware/ValidatePostSize.php(27): Illuminate\\Routing\\Pipeline->Illuminate\\Routing\\{closure}(Object(Illuminate\\Http\\Request))
#88 /home/cuong246/Downloads/bscms/bscms/vendor/laravel/framework/src/Illuminate/Pipeline/Pipeline.php(151): Illuminate\\Foundation\\Http\\Middleware\\ValidatePostSize->handle(Object(Illuminate\\Http\\Request), Object(Closure))
#89 /home/cuong246/Downloads/bscms/bscms/vendor/laravel/framework/src/Illuminate/Routing/Pipeline.php(53): Illuminate\\Pipeline\\Pipeline->Illuminate\\Pipeline\\{closure}(Object(Illuminate\\Http\\Request))
#90 /home/cuong246/Downloads/bscms/bscms/vendor/laravel/framework/src/Illuminate/Foundation/Http/Middleware/CheckForMaintenanceMode.php(62): Illuminate\\Routing\\Pipeline->Illuminate\\Routing\\{closure}(Object(Illuminate\\Http\\Request))
#91 /home/cuong246/Downloads/bscms/bscms/vendor/laravel/framework/src/Illuminate/Pipeline/Pipeline.php(151): Illuminate\\Foundation\\Http\\Middleware\\CheckForMaintenanceMode->handle(Object(Illuminate\\Http\\Request), Object(Closure))
#92 /home/cuong246/Downloads/bscms/bscms/vendor/laravel/framework/src/Illuminate/Routing/Pipeline.php(53): Illuminate\\Pipeline\\Pipeline->Illuminate\\Pipeline\\{closure}(Object(Illuminate\\Http\\Request))
#93 /home/cuong246/Downloads/bscms/bscms/vendor/laravel/framework/src/Illuminate/Pipeline/Pipeline.php(104): Illuminate\\Routing\\Pipeline->Illuminate\\Routing\\{closure}(Object(Illuminate\\Http\\Request))
#94 /home/cuong246/Downloads/bscms/bscms/vendor/laravel/framework/src/Illuminate/Foundation/Http/Kernel.php(151): Illuminate\\Pipeline\\Pipeline->then(Object(Closure))
#95 /home/cuong246/Downloads/bscms/bscms/vendor/laravel/framework/src/Illuminate/Foundation/Http/Kernel.php(116): Illuminate\\Foundation\\Http\\Kernel->sendRequestThroughRouter(Object(Illuminate\\Http\\Request))
#96 /home/cuong246/Downloads/bscms/bscms/public/index.php(55): Illuminate\\Foundation\\Http\\Kernel->handle(Object(Illuminate\\Http\\Request))
#97 /home/cuong246/Downloads/bscms/bscms/server.php(21): require_once('/home/cuong246/...')
#98 {main}
"} 
