[2018-10-22 02:22:50] production.ERROR: SQLSTATE[HY000] [1045] Access denied for user 'bytesoft_demo'@'113.190.253.172' (using password: YES) {"exception":"[object] (Doctrine\\DBAL\\Driver\\PDOException(code: 1045): SQLSTATE[HY000] [1045] Access denied for user 'bytesoft_demo'@'113.190.253.172' (using password: YES) at D:\\laragon\\www\\bscms\\vendor\\doctrine\\dbal\\lib\\Doctrine\\DBAL\\Driver\\PDOConnection.php:50, PDOException(code: 1045): SQLSTATE[HY000] [1045] Access denied for user 'bytesoft_demo'@'113.190.253.172' (using password: YES) at D:\\laragon\\www\\bscms\\vendor\\doctrine\\dbal\\lib\\Doctrine\\DBAL\\Driver\\PDOConnection.php:46)
[stacktrace]
#0 D:\\laragon\\www\\bscms\\vendor\\laravel\\framework\\src\\Illuminate\\Database\\Connectors\\Connector.php(65): Doctrine\\DBAL\\Driver\\PDOConnection->__construct('mysql:host=42.1...', 'bytesoft_demo', 'Redbee0605@', Array)
#1 D:\\laragon\\www\\bscms\\vendor\\laravel\\framework\\src\\Illuminate\\Database\\Connectors\\Connector.php(44): Illuminate\\Database\\Connectors\\Connector->createPdoConnection('mysql:host=42.1...', 'bytesoft_demo', 'Redbee0605@', Array)
#2 D:\\laragon\\www\\bscms\\vendor\\laravel\\framework\\src\\Illuminate\\Database\\Connectors\\MySqlConnector.php(24): Illuminate\\Database\\Connectors\\Connector->createConnection('mysql:host=42.1...', Array, Array)
#3 D:\\laragon\\www\\bscms\\vendor\\laravel\\framework\\src\\Illuminate\\Database\\Connectors\\ConnectionFactory.php(182): Illuminate\\Database\\Connectors\\MySqlConnector->connect(Array)
#4 [internal function]: Illuminate\\Database\\Connectors\\ConnectionFactory->Illuminate\\Database\\Connectors\\{closure}()
#5 D:\\laragon\\www\\bscms\\vendor\\laravel\\framework\\src\\Illuminate\\Database\\Connection.php(916): call_user_func(Object(Closure))
#6 D:\\laragon\\www\\bscms\\vendor\\laravel\\framework\\src\\Illuminate\\Database\\DatabaseManager.php(248): Illuminate\\Database\\Connection->getPdo()
#7 D:\\laragon\\www\\bscms\\vendor\\laravel\\framework\\src\\Illuminate\\Database\\DatabaseManager.php(234): Illuminate\\Database\\DatabaseManager->refreshPdoConnections('mysql')
#8 D:\\laragon\\www\\bscms\\vendor\\laravel\\framework\\src\\Illuminate\\Database\\DatabaseManager.php(168): Illuminate\\Database\\DatabaseManager->reconnect('mysql')
#9 [internal function]: Illuminate\\Database\\DatabaseManager->Illuminate\\Database\\{closure}(Object(Illuminate\\Database\\MySqlConnection))
#10 D:\\laragon\\www\\bscms\\vendor\\laravel\\framework\\src\\Illuminate\\Database\\Connection.php(754): call_user_func(Object(Closure), Object(Illuminate\\Database\\MySqlConnection))
#11 D:\\laragon\\www\\bscms\\vendor\\laravel\\framework\\src\\Illuminate\\Database\\Connection.php(768): Illuminate\\Database\\Connection->reconnect()
#12 D:\\laragon\\www\\bscms\\vendor\\laravel\\framework\\src\\Illuminate\\Database\\Connection.php(616): Illuminate\\Database\\Connection->reconnectIfMissingConnection()
#13 D:\\laragon\\www\\bscms\\vendor\\laravel\\framework\\src\\Illuminate\\Database\\Connection.php(333): Illuminate\\Database\\Connection->run('select * from `...', Array, Object(Closure))
#14 D:\\laragon\\www\\bscms\\vendor\\laravel\\framework\\src\\Illuminate\\Database\\Query\\Builder.php(2027): Illuminate\\Database\\Connection->select('select * from `...', Array, true)
#15 D:\\laragon\\www\\bscms\\vendor\\laravel\\framework\\src\\Illuminate\\Database\\Query\\Builder.php(2015): Illuminate\\Database\\Query\\Builder->runSelect()
#16 D:\\laragon\\www\\bscms\\vendor\\laravel\\framework\\src\\Illuminate\\Database\\Query\\Builder.php(2499): Illuminate\\Database\\Query\\Builder->Illuminate\\Database\\Query\\{closure}()
#17 D:\\laragon\\www\\bscms\\vendor\\laravel\\framework\\src\\Illuminate\\Database\\Query\\Builder.php(2016): Illuminate\\Database\\Query\\Builder->onceWithColumns(Array, Object(Closure))
#18 D:\\laragon\\www\\bscms\\vendor\\laravel\\framework\\src\\Illuminate\\Database\\Eloquent\\Builder.php(516): Illuminate\\Database\\Query\\Builder->get(Array)
#19 D:\\laragon\\www\\bscms\\vendor\\laravel\\framework\\src\\Illuminate\\Database\\Eloquent\\Builder.php(500): Illuminate\\Database\\Eloquent\\Builder->getModels(Array)
#20 D:\\laragon\\www\\bscms\\vendor\\laravel\\framework\\src\\Illuminate\\Database\\Concerns\\BuildsQueries.php(77): Illuminate\\Database\\Eloquent\\Builder->get(Array)
#21 D:\\laragon\\www\\bscms\\core\\support\\src\\Repositories\\Eloquent\\RepositoriesAbstract.php(207): Illuminate\\Database\\Eloquent\\Builder->first()
#22 D:\\laragon\\www\\bscms\\core\\base\\src\\Http\\Controllers\\PublicController.php(80): Bytesoft\\Support\\Repositories\\Eloquent\\RepositoriesAbstract->getFirstBy(Array)
#23 [internal function]: Bytesoft\\Base\\Http\\Controllers\\PublicController->getView('admin', Object(Bytesoft\\Base\\Http\\Responses\\BaseHttpResponse))
#24 D:\\laragon\\www\\bscms\\vendor\\laravel\\framework\\src\\Illuminate\\Routing\\Controller.php(54): call_user_func_array(Array, Array)
#25 D:\\laragon\\www\\bscms\\vendor\\laravel\\framework\\src\\Illuminate\\Routing\\ControllerDispatcher.php(45): Illuminate\\Routing\\Controller->callAction('getView', Array)
#26 D:\\laragon\\www\\bscms\\vendor\\laravel\\framework\\src\\Illuminate\\Routing\\Route.php(212): Illuminate\\Routing\\ControllerDispatcher->dispatch(Object(Illuminate\\Routing\\Route), Object(Bytesoft\\Base\\Http\\Controllers\\PublicController), 'getView')
#27 D:\\laragon\\www\\bscms\\vendor\\laravel\\framework\\src\\Illuminate\\Routing\\Route.php(169): Illuminate\\Routing\\Route->runController()
#28 D:\\laragon\\www\\bscms\\vendor\\laravel\\framework\\src\\Illuminate\\Routing\\Router.php(679): Illuminate\\Routing\\Route->run()
#29 D:\\laragon\\www\\bscms\\vendor\\laravel\\framework\\src\\Illuminate\\Routing\\Pipeline.php(30): Illuminate\\Routing\\Router->Illuminate\\Routing\\{closure}(Object(Illuminate\\Http\\Request))
#30 D:\\laragon\\www\\bscms\\core\\optimize\\src\\Http\\Middleware\\PageSpeed.php(27): Illuminate\\Routing\\Pipeline->Illuminate\\Routing\\{closure}(Object(Illuminate\\Http\\Request))
#31 D:\\laragon\\www\\bscms\\vendor\\laravel\\framework\\src\\Illuminate\\Pipeline\\Pipeline.php(151): Bytesoft\\Optimize\\Http\\Middleware\\PageSpeed->handle(Object(Illuminate\\Http\\Request), Object(Closure))
#32 D:\\laragon\\www\\bscms\\vendor\\laravel\\framework\\src\\Illuminate\\Routing\\Pipeline.php(53): Illuminate\\Pipeline\\Pipeline->Illuminate\\Pipeline\\{closure}(Object(Illuminate\\Http\\Request))
#33 D:\\laragon\\www\\bscms\\core\\optimize\\src\\Http\\Middleware\\PageSpeed.php(27): Illuminate\\Routing\\Pipeline->Illuminate\\Routing\\{closure}(Object(Illuminate\\Http\\Request))
#34 D:\\laragon\\www\\bscms\\vendor\\laravel\\framework\\src\\Illuminate\\Pipeline\\Pipeline.php(151): Bytesoft\\Optimize\\Http\\Middleware\\PageSpeed->handle(Object(Illuminate\\Http\\Request), Object(Closure))
#35 D:\\laragon\\www\\bscms\\vendor\\laravel\\framework\\src\\Illuminate\\Routing\\Pipeline.php(53): Illuminate\\Pipeline\\Pipeline->Illuminate\\Pipeline\\{closure}(Object(Illuminate\\Http\\Request))
#36 D:\\laragon\\www\\bscms\\core\\optimize\\src\\Http\\Middleware\\PageSpeed.php(27): Illuminate\\Routing\\Pipeline->Illuminate\\Routing\\{closure}(Object(Illuminate\\Http\\Request))
#37 D:\\laragon\\www\\bscms\\vendor\\laravel\\framework\\src\\Illuminate\\Pipeline\\Pipeline.php(151): Bytesoft\\Optimize\\Http\\Middleware\\PageSpeed->handle(Object(Illuminate\\Http\\Request), Object(Closure))
#38 D:\\laragon\\www\\bscms\\vendor\\laravel\\framework\\src\\Illuminate\\Routing\\Pipeline.php(53): Illuminate\\Pipeline\\Pipeline->Illuminate\\Pipeline\\{closure}(Object(Illuminate\\Http\\Request))
#39 D:\\laragon\\www\\bscms\\core\\optimize\\src\\Http\\Middleware\\PageSpeed.php(27): Illuminate\\Routing\\Pipeline->Illuminate\\Routing\\{closure}(Object(Illuminate\\Http\\Request))
#40 D:\\laragon\\www\\bscms\\vendor\\laravel\\framework\\src\\Illuminate\\Pipeline\\Pipeline.php(151): Bytesoft\\Optimize\\Http\\Middleware\\PageSpeed->handle(Object(Illuminate\\Http\\Request), Object(Closure))
#41 D:\\laragon\\www\\bscms\\vendor\\laravel\\framework\\src\\Illuminate\\Routing\\Pipeline.php(53): Illuminate\\Pipeline\\Pipeline->Illuminate\\Pipeline\\{closure}(Object(Illuminate\\Http\\Request))
#42 D:\\laragon\\www\\bscms\\core\\optimize\\src\\Http\\Middleware\\PageSpeed.php(27): Illuminate\\Routing\\Pipeline->Illuminate\\Routing\\{closure}(Object(Illuminate\\Http\\Request))
#43 D:\\laragon\\www\\bscms\\vendor\\laravel\\framework\\src\\Illuminate\\Pipeline\\Pipeline.php(151): Bytesoft\\Optimize\\Http\\Middleware\\PageSpeed->handle(Object(Illuminate\\Http\\Request), Object(Closure))
#44 D:\\laragon\\www\\bscms\\vendor\\laravel\\framework\\src\\Illuminate\\Routing\\Pipeline.php(53): Illuminate\\Pipeline\\Pipeline->Illuminate\\Pipeline\\{closure}(Object(Illuminate\\Http\\Request))
#45 D:\\laragon\\www\\bscms\\core\\installer\\src\\Http\\Middleware\\RedirectIfNotInstalledMiddleware.php(23): Illuminate\\Routing\\Pipeline->Illuminate\\Routing\\{closure}(Object(Illuminate\\Http\\Request))
#46 D:\\laragon\\www\\bscms\\vendor\\laravel\\framework\\src\\Illuminate\\Pipeline\\Pipeline.php(151): Bytesoft\\Installer\\Http\\Middleware\\RedirectIfNotInstalledMiddleware->handle(Object(Illuminate\\Http\\Request), Object(Closure))
#47 D:\\laragon\\www\\bscms\\vendor\\laravel\\framework\\src\\Illuminate\\Routing\\Pipeline.php(53): Illuminate\\Pipeline\\Pipeline->Illuminate\\Pipeline\\{closure}(Object(Illuminate\\Http\\Request))
#48 D:\\laragon\\www\\bscms\\vendor\\laravel\\framework\\src\\Illuminate\\Session\\Middleware\\StartSession.php(63): Illuminate\\Routing\\Pipeline->Illuminate\\Routing\\{closure}(Object(Illuminate\\Http\\Request))
#49 D:\\laragon\\www\\bscms\\vendor\\laravel\\framework\\src\\Illuminate\\Pipeline\\Pipeline.php(151): Illuminate\\Session\\Middleware\\StartSession->handle(Object(Illuminate\\Http\\Request), Object(Closure))
#50 D:\\laragon\\www\\bscms\\vendor\\laravel\\framework\\src\\Illuminate\\Routing\\Pipeline.php(53): Illuminate\\Pipeline\\Pipeline->Illuminate\\Pipeline\\{closure}(Object(Illuminate\\Http\\Request))
#51 D:\\laragon\\www\\bscms\\core\\base\\src\\Http\\Middleware\\AdminBarMiddleware.php(45): Illuminate\\Routing\\Pipeline->Illuminate\\Routing\\{closure}(Object(Illuminate\\Http\\Request))
#52 D:\\laragon\\www\\bscms\\vendor\\laravel\\framework\\src\\Illuminate\\Pipeline\\Pipeline.php(151): Bytesoft\\Base\\Http\\Middleware\\AdminBarMiddleware->handle(Object(Illuminate\\Http\\Request), Object(Closure))
#53 D:\\laragon\\www\\bscms\\vendor\\laravel\\framework\\src\\Illuminate\\Routing\\Pipeline.php(53): Illuminate\\Pipeline\\Pipeline->Illuminate\\Pipeline\\{closure}(Object(Illuminate\\Http\\Request))
#54 D:\\laragon\\www\\bscms\\core\\base\\src\\Http\\Middleware\\HttpsProtocolMiddleware.php(23): Illuminate\\Routing\\Pipeline->Illuminate\\Routing\\{closure}(Object(Illuminate\\Http\\Request))
#55 D:\\laragon\\www\\bscms\\vendor\\laravel\\framework\\src\\Illuminate\\Pipeline\\Pipeline.php(151): Bytesoft\\Base\\Http\\Middleware\\HttpsProtocolMiddleware->handle(Object(Illuminate\\Http\\Request), Object(Closure))
#56 D:\\laragon\\www\\bscms\\vendor\\laravel\\framework\\src\\Illuminate\\Routing\\Pipeline.php(53): Illuminate\\Pipeline\\Pipeline->Illuminate\\Pipeline\\{closure}(Object(Illuminate\\Http\\Request))
#57 D:\\laragon\\www\\bscms\\core\\base\\src\\Http\\Middleware\\LocaleMiddleware.php(34): Illuminate\\Routing\\Pipeline->Illuminate\\Routing\\{closure}(Object(Illuminate\\Http\\Request))
#58 D:\\laragon\\www\\bscms\\vendor\\laravel\\framework\\src\\Illuminate\\Pipeline\\Pipeline.php(151): Bytesoft\\Base\\Http\\Middleware\\LocaleMiddleware->handle(Object(Illuminate\\Http\\Request), Object(Closure))
#59 D:\\laragon\\www\\bscms\\vendor\\laravel\\framework\\src\\Illuminate\\Routing\\Pipeline.php(53): Illuminate\\Pipeline\\Pipeline->Illuminate\\Pipeline\\{closure}(Object(Illuminate\\Http\\Request))
#60 D:\\laragon\\www\\bscms\\vendor\\laravel\\framework\\src\\Illuminate\\Routing\\Middleware\\SubstituteBindings.php(41): Illuminate\\Routing\\Pipeline->Illuminate\\Routing\\{closure}(Object(Illuminate\\Http\\Request))
#61 D:\\laragon\\www\\bscms\\vendor\\laravel\\framework\\src\\Illuminate\\Pipeline\\Pipeline.php(151): Illuminate\\Routing\\Middleware\\SubstituteBindings->handle(Object(Illuminate\\Http\\Request), Object(Closure))
#62 D:\\laragon\\www\\bscms\\vendor\\laravel\\framework\\src\\Illuminate\\Routing\\Pipeline.php(53): Illuminate\\Pipeline\\Pipeline->Illuminate\\Pipeline\\{closure}(Object(Illuminate\\Http\\Request))
#63 D:\\laragon\\www\\bscms\\vendor\\laravel\\framework\\src\\Illuminate\\Foundation\\Http\\Middleware\\VerifyCsrfToken.php(75): Illuminate\\Routing\\Pipeline->Illuminate\\Routing\\{closure}(Object(Illuminate\\Http\\Request))
#64 D:\\laragon\\www\\bscms\\vendor\\laravel\\framework\\src\\Illuminate\\Pipeline\\Pipeline.php(151): Illuminate\\Foundation\\Http\\Middleware\\VerifyCsrfToken->handle(Object(Illuminate\\Http\\Request), Object(Closure))
#65 D:\\laragon\\www\\bscms\\vendor\\laravel\\framework\\src\\Illuminate\\Routing\\Pipeline.php(53): Illuminate\\Pipeline\\Pipeline->Illuminate\\Pipeline\\{closure}(Object(Illuminate\\Http\\Request))
#66 D:\\laragon\\www\\bscms\\vendor\\laravel\\framework\\src\\Illuminate\\View\\Middleware\\ShareErrorsFromSession.php(49): Illuminate\\Routing\\Pipeline->Illuminate\\Routing\\{closure}(Object(Illuminate\\Http\\Request))
#67 D:\\laragon\\www\\bscms\\vendor\\laravel\\framework\\src\\Illuminate\\Pipeline\\Pipeline.php(151): Illuminate\\View\\Middleware\\ShareErrorsFromSession->handle(Object(Illuminate\\Http\\Request), Object(Closure))
#68 D:\\laragon\\www\\bscms\\vendor\\laravel\\framework\\src\\Illuminate\\Routing\\Pipeline.php(53): Illuminate\\Pipeline\\Pipeline->Illuminate\\Pipeline\\{closure}(Object(Illuminate\\Http\\Request))
#69 D:\\laragon\\www\\bscms\\vendor\\laravel\\framework\\src\\Illuminate\\Session\\Middleware\\StartSession.php(63): Illuminate\\Routing\\Pipeline->Illuminate\\Routing\\{closure}(Object(Illuminate\\Http\\Request))
#70 D:\\laragon\\www\\bscms\\vendor\\laravel\\framework\\src\\Illuminate\\Pipeline\\Pipeline.php(151): Illuminate\\Session\\Middleware\\StartSession->handle(Object(Illuminate\\Http\\Request), Object(Closure))
#71 D:\\laragon\\www\\bscms\\vendor\\laravel\\framework\\src\\Illuminate\\Routing\\Pipeline.php(53): Illuminate\\Pipeline\\Pipeline->Illuminate\\Pipeline\\{closure}(Object(Illuminate\\Http\\Request))
#72 D:\\laragon\\www\\bscms\\vendor\\laravel\\framework\\src\\Illuminate\\Cookie\\Middleware\\AddQueuedCookiesToResponse.php(37): Illuminate\\Routing\\Pipeline->Illuminate\\Routing\\{closure}(Object(Illuminate\\Http\\Request))
#73 D:\\laragon\\www\\bscms\\vendor\\laravel\\framework\\src\\Illuminate\\Pipeline\\Pipeline.php(151): Illuminate\\Cookie\\Middleware\\AddQueuedCookiesToResponse->handle(Object(Illuminate\\Http\\Request), Object(Closure))
#74 D:\\laragon\\www\\bscms\\vendor\\laravel\\framework\\src\\Illuminate\\Routing\\Pipeline.php(53): Illuminate\\Pipeline\\Pipeline->Illuminate\\Pipeline\\{closure}(Object(Illuminate\\Http\\Request))
#75 D:\\laragon\\www\\bscms\\vendor\\laravel\\framework\\src\\Illuminate\\Cookie\\Middleware\\EncryptCookies.php(66): Illuminate\\Routing\\Pipeline->Illuminate\\Routing\\{closure}(Object(Illuminate\\Http\\Request))
#76 D:\\laragon\\www\\bscms\\vendor\\laravel\\framework\\src\\Illuminate\\Pipeline\\Pipeline.php(151): Illuminate\\Cookie\\Middleware\\EncryptCookies->handle(Object(Illuminate\\Http\\Request), Object(Closure))
#77 D:\\laragon\\www\\bscms\\vendor\\laravel\\framework\\src\\Illuminate\\Routing\\Pipeline.php(53): Illuminate\\Pipeline\\Pipeline->Illuminate\\Pipeline\\{closure}(Object(Illuminate\\Http\\Request))
#78 D:\\laragon\\www\\bscms\\vendor\\laravel\\framework\\src\\Illuminate\\Pipeline\\Pipeline.php(104): Illuminate\\Routing\\Pipeline->Illuminate\\Routing\\{closure}(Object(Illuminate\\Http\\Request))
#79 D:\\laragon\\www\\bscms\\vendor\\laravel\\framework\\src\\Illuminate\\Routing\\Router.php(681): Illuminate\\Pipeline\\Pipeline->then(Object(Closure))
#80 D:\\laragon\\www\\bscms\\vendor\\laravel\\framework\\src\\Illuminate\\Routing\\Router.php(656): Illuminate\\Routing\\Router->runRouteWithinStack(Object(Illuminate\\Routing\\Route), Object(Illuminate\\Http\\Request))
#81 D:\\laragon\\www\\bscms\\vendor\\laravel\\framework\\src\\Illuminate\\Routing\\Router.php(622): Illuminate\\Routing\\Router->runRoute(Object(Illuminate\\Http\\Request), Object(Illuminate\\Routing\\Route))
#82 D:\\laragon\\www\\bscms\\vendor\\laravel\\framework\\src\\Illuminate\\Routing\\Router.php(611): Illuminate\\Routing\\Router->dispatchToRoute(Object(Illuminate\\Http\\Request))
#83 D:\\laragon\\www\\bscms\\vendor\\laravel\\framework\\src\\Illuminate\\Foundation\\Http\\Kernel.php(176): Illuminate\\Routing\\Router->dispatch(Object(Illuminate\\Http\\Request))
#84 D:\\laragon\\www\\bscms\\vendor\\laravel\\framework\\src\\Illuminate\\Routing\\Pipeline.php(30): Illuminate\\Foundation\\Http\\Kernel->Illuminate\\Foundation\\Http\\{closure}(Object(Illuminate\\Http\\Request))
#85 D:\\laragon\\www\\bscms\\vendor\\proengsoft\\laravel-jsvalidation\\src\\RemoteValidationMiddleware.php(53): Illuminate\\Routing\\Pipeline->Illuminate\\Routing\\{closure}(Object(Illuminate\\Http\\Request))
#86 D:\\laragon\\www\\bscms\\vendor\\laravel\\framework\\src\\Illuminate\\Pipeline\\Pipeline.php(151): Proengsoft\\JsValidation\\RemoteValidationMiddleware->handle(Object(Illuminate\\Http\\Request), Object(Closure))
#87 D:\\laragon\\www\\bscms\\vendor\\laravel\\framework\\src\\Illuminate\\Routing\\Pipeline.php(53): Illuminate\\Pipeline\\Pipeline->Illuminate\\Pipeline\\{closure}(Object(Illuminate\\Http\\Request))
#88 D:\\laragon\\www\\bscms\\vendor\\barryvdh\\laravel-debugbar\\src\\Middleware\\InjectDebugbar.php(65): Illuminate\\Routing\\Pipeline->Illuminate\\Routing\\{closure}(Object(Illuminate\\Http\\Request))
#89 D:\\laragon\\www\\bscms\\vendor\\laravel\\framework\\src\\Illuminate\\Pipeline\\Pipeline.php(151): Barryvdh\\Debugbar\\Middleware\\InjectDebugbar->handle(Object(Illuminate\\Http\\Request), Object(Closure))
#90 D:\\laragon\\www\\bscms\\vendor\\laravel\\framework\\src\\Illuminate\\Routing\\Pipeline.php(53): Illuminate\\Pipeline\\Pipeline->Illuminate\\Pipeline\\{closure}(Object(Illuminate\\Http\\Request))
#91 D:\\laragon\\www\\bscms\\vendor\\fideloper\\proxy\\src\\TrustProxies.php(57): Illuminate\\Routing\\Pipeline->Illuminate\\Routing\\{closure}(Object(Illuminate\\Http\\Request))
#92 D:\\laragon\\www\\bscms\\vendor\\laravel\\framework\\src\\Illuminate\\Pipeline\\Pipeline.php(151): Fideloper\\Proxy\\TrustProxies->handle(Object(Illuminate\\Http\\Request), Object(Closure))
#93 D:\\laragon\\www\\bscms\\vendor\\laravel\\framework\\src\\Illuminate\\Routing\\Pipeline.php(53): Illuminate\\Pipeline\\Pipeline->Illuminate\\Pipeline\\{closure}(Object(Illuminate\\Http\\Request))
#94 D:\\laragon\\www\\bscms\\vendor\\laravel\\framework\\src\\Illuminate\\Foundation\\Http\\Middleware\\TransformsRequest.php(31): Illuminate\\Routing\\Pipeline->Illuminate\\Routing\\{closure}(Object(Illuminate\\Http\\Request))
#95 D:\\laragon\\www\\bscms\\vendor\\laravel\\framework\\src\\Illuminate\\Pipeline\\Pipeline.php(151): Illuminate\\Foundation\\Http\\Middleware\\TransformsRequest->handle(Object(Illuminate\\Http\\Request), Object(Closure))
#96 D:\\laragon\\www\\bscms\\vendor\\laravel\\framework\\src\\Illuminate\\Routing\\Pipeline.php(53): Illuminate\\Pipeline\\Pipeline->Illuminate\\Pipeline\\{closure}(Object(Illuminate\\Http\\Request))
#97 D:\\laragon\\www\\bscms\\vendor\\laravel\\framework\\src\\Illuminate\\Foundation\\Http\\Middleware\\TransformsRequest.php(31): Illuminate\\Routing\\Pipeline->Illuminate\\Routing\\{closure}(Object(Illuminate\\Http\\Request))
#98 D:\\laragon\\www\\bscms\\vendor\\laravel\\framework\\src\\Illuminate\\Pipeline\\Pipeline.php(151): Illuminate\\Foundation\\Http\\Middleware\\TransformsRequest->handle(Object(Illuminate\\Http\\Request), Object(Closure))
#99 D:\\laragon\\www\\bscms\\vendor\\laravel\\framework\\src\\Illuminate\\Routing\\Pipeline.php(53): Illuminate\\Pipeline\\Pipeline->Illuminate\\Pipeline\\{closure}(Object(Illuminate\\Http\\Request))
#100 D:\\laragon\\www\\bscms\\vendor\\laravel\\framework\\src\\Illuminate\\Foundation\\Http\\Middleware\\ValidatePostSize.php(27): Illuminate\\Routing\\Pipeline->Illuminate\\Routing\\{closure}(Object(Illuminate\\Http\\Request))
#101 D:\\laragon\\www\\bscms\\vendor\\laravel\\framework\\src\\Illuminate\\Pipeline\\Pipeline.php(151): Illuminate\\Foundation\\Http\\Middleware\\ValidatePostSize->handle(Object(Illuminate\\Http\\Request), Object(Closure))
#102 D:\\laragon\\www\\bscms\\vendor\\laravel\\framework\\src\\Illuminate\\Routing\\Pipeline.php(53): Illuminate\\Pipeline\\Pipeline->Illuminate\\Pipeline\\{closure}(Object(Illuminate\\Http\\Request))
#103 D:\\laragon\\www\\bscms\\vendor\\laravel\\framework\\src\\Illuminate\\Foundation\\Http\\Middleware\\CheckForMaintenanceMode.php(62): Illuminate\\Routing\\Pipeline->Illuminate\\Routing\\{closure}(Object(Illuminate\\Http\\Request))
#104 D:\\laragon\\www\\bscms\\vendor\\laravel\\framework\\src\\Illuminate\\Pipeline\\Pipeline.php(151): Illuminate\\Foundation\\Http\\Middleware\\CheckForMaintenanceMode->handle(Object(Illuminate\\Http\\Request), Object(Closure))
#105 D:\\laragon\\www\\bscms\\vendor\\laravel\\framework\\src\\Illuminate\\Routing\\Pipeline.php(53): Illuminate\\Pipeline\\Pipeline->Illuminate\\Pipeline\\{closure}(Object(Illuminate\\Http\\Request))
#106 D:\\laragon\\www\\bscms\\vendor\\laravel\\framework\\src\\Illuminate\\Pipeline\\Pipeline.php(104): Illuminate\\Routing\\Pipeline->Illuminate\\Routing\\{closure}(Object(Illuminate\\Http\\Request))
#107 D:\\laragon\\www\\bscms\\vendor\\laravel\\framework\\src\\Illuminate\\Foundation\\Http\\Kernel.php(151): Illuminate\\Pipeline\\Pipeline->then(Object(Closure))
#108 D:\\laragon\\www\\bscms\\vendor\\laravel\\framework\\src\\Illuminate\\Foundation\\Http\\Kernel.php(116): Illuminate\\Foundation\\Http\\Kernel->sendRequestThroughRouter(Object(Illuminate\\Http\\Request))
#109 D:\\laragon\\www\\bscms\\public\\index.php(55): Illuminate\\Foundation\\Http\\Kernel->handle(Object(Illuminate\\Http\\Request))
#110 {main}
"} 
[2018-10-22 04:43:03] production.ERROR: SQLSTATE[HY000] [1045] Access denied for user 'bytesoft_demo'@'113.190.253.172' (using password: YES) {"exception":"[object] (Doctrine\\DBAL\\Driver\\PDOException(code: 1045): SQLSTATE[HY000] [1045] Access denied for user 'bytesoft_demo'@'113.190.253.172' (using password: YES) at D:\\laragon\\www\\bscms\\vendor\\doctrine\\dbal\\lib\\Doctrine\\DBAL\\Driver\\PDOConnection.php:50, PDOException(code: 1045): SQLSTATE[HY000] [1045] Access denied for user 'bytesoft_demo'@'113.190.253.172' (using password: YES) at D:\\laragon\\www\\bscms\\vendor\\doctrine\\dbal\\lib\\Doctrine\\DBAL\\Driver\\PDOConnection.php:46)
[stacktrace]
#0 D:\\laragon\\www\\bscms\\vendor\\laravel\\framework\\src\\Illuminate\\Database\\Connectors\\Connector.php(65): Doctrine\\DBAL\\Driver\\PDOConnection->__construct('mysql:host=42.1...', 'bytesoft_demo', 'Redbee0605@', Array)
#1 D:\\laragon\\www\\bscms\\vendor\\laravel\\framework\\src\\Illuminate\\Database\\Connectors\\Connector.php(44): Illuminate\\Database\\Connectors\\Connector->createPdoConnection('mysql:host=42.1...', 'bytesoft_demo', 'Redbee0605@', Array)
#2 D:\\laragon\\www\\bscms\\vendor\\laravel\\framework\\src\\Illuminate\\Database\\Connectors\\MySqlConnector.php(24): Illuminate\\Database\\Connectors\\Connector->createConnection('mysql:host=42.1...', Array, Array)
#3 D:\\laragon\\www\\bscms\\vendor\\laravel\\framework\\src\\Illuminate\\Database\\Connectors\\ConnectionFactory.php(182): Illuminate\\Database\\Connectors\\MySqlConnector->connect(Array)
#4 [internal function]: Illuminate\\Database\\Connectors\\ConnectionFactory->Illuminate\\Database\\Connectors\\{closure}()
#5 D:\\laragon\\www\\bscms\\vendor\\laravel\\framework\\src\\Illuminate\\Database\\Connection.php(916): call_user_func(Object(Closure))
#6 D:\\laragon\\www\\bscms\\vendor\\laravel\\framework\\src\\Illuminate\\Database\\DatabaseManager.php(248): Illuminate\\Database\\Connection->getPdo()
#7 D:\\laragon\\www\\bscms\\vendor\\laravel\\framework\\src\\Illuminate\\Database\\DatabaseManager.php(234): Illuminate\\Database\\DatabaseManager->refreshPdoConnections('mysql')
#8 D:\\laragon\\www\\bscms\\vendor\\laravel\\framework\\src\\Illuminate\\Database\\DatabaseManager.php(168): Illuminate\\Database\\DatabaseManager->reconnect('mysql')
#9 [internal function]: Illuminate\\Database\\DatabaseManager->Illuminate\\Database\\{closure}(Object(Illuminate\\Database\\MySqlConnection))
#10 D:\\laragon\\www\\bscms\\vendor\\laravel\\framework\\src\\Illuminate\\Database\\Connection.php(754): call_user_func(Object(Closure), Object(Illuminate\\Database\\MySqlConnection))
#11 D:\\laragon\\www\\bscms\\vendor\\laravel\\framework\\src\\Illuminate\\Database\\Connection.php(768): Illuminate\\Database\\Connection->reconnect()
#12 D:\\laragon\\www\\bscms\\vendor\\laravel\\framework\\src\\Illuminate\\Database\\Connection.php(616): Illuminate\\Database\\Connection->reconnectIfMissingConnection()
#13 D:\\laragon\\www\\bscms\\vendor\\laravel\\framework\\src\\Illuminate\\Database\\Connection.php(333): Illuminate\\Database\\Connection->run('select * from `...', Array, Object(Closure))
#14 D:\\laragon\\www\\bscms\\vendor\\laravel\\framework\\src\\Illuminate\\Database\\Query\\Builder.php(2027): Illuminate\\Database\\Connection->select('select * from `...', Array, true)
#15 D:\\laragon\\www\\bscms\\vendor\\laravel\\framework\\src\\Illuminate\\Database\\Query\\Builder.php(2015): Illuminate\\Database\\Query\\Builder->runSelect()
#16 D:\\laragon\\www\\bscms\\vendor\\laravel\\framework\\src\\Illuminate\\Database\\Query\\Builder.php(2499): Illuminate\\Database\\Query\\Builder->Illuminate\\Database\\Query\\{closure}()
#17 D:\\laragon\\www\\bscms\\vendor\\laravel\\framework\\src\\Illuminate\\Database\\Query\\Builder.php(2016): Illuminate\\Database\\Query\\Builder->onceWithColumns(Array, Object(Closure))
#18 D:\\laragon\\www\\bscms\\vendor\\laravel\\framework\\src\\Illuminate\\Database\\Eloquent\\Builder.php(516): Illuminate\\Database\\Query\\Builder->get(Array)
#19 D:\\laragon\\www\\bscms\\vendor\\laravel\\framework\\src\\Illuminate\\Database\\Eloquent\\Builder.php(500): Illuminate\\Database\\Eloquent\\Builder->getModels(Array)
#20 D:\\laragon\\www\\bscms\\vendor\\laravel\\framework\\src\\Illuminate\\Database\\Concerns\\BuildsQueries.php(77): Illuminate\\Database\\Eloquent\\Builder->get(Array)
#21 D:\\laragon\\www\\bscms\\core\\support\\src\\Repositories\\Eloquent\\RepositoriesAbstract.php(207): Illuminate\\Database\\Eloquent\\Builder->first()
#22 D:\\laragon\\www\\bscms\\core\\base\\src\\Http\\Controllers\\PublicController.php(80): Bytesoft\\Support\\Repositories\\Eloquent\\RepositoriesAbstract->getFirstBy(Array)
#23 [internal function]: Bytesoft\\Base\\Http\\Controllers\\PublicController->getView('gen204', Object(Bytesoft\\Base\\Http\\Responses\\BaseHttpResponse))
#24 D:\\laragon\\www\\bscms\\vendor\\laravel\\framework\\src\\Illuminate\\Routing\\Controller.php(54): call_user_func_array(Array, Array)
#25 D:\\laragon\\www\\bscms\\vendor\\laravel\\framework\\src\\Illuminate\\Routing\\ControllerDispatcher.php(45): Illuminate\\Routing\\Controller->callAction('getView', Array)
#26 D:\\laragon\\www\\bscms\\vendor\\laravel\\framework\\src\\Illuminate\\Routing\\Route.php(212): Illuminate\\Routing\\ControllerDispatcher->dispatch(Object(Illuminate\\Routing\\Route), Object(Bytesoft\\Base\\Http\\Controllers\\PublicController), 'getView')
#27 D:\\laragon\\www\\bscms\\vendor\\laravel\\framework\\src\\Illuminate\\Routing\\Route.php(169): Illuminate\\Routing\\Route->runController()
#28 D:\\laragon\\www\\bscms\\vendor\\laravel\\framework\\src\\Illuminate\\Routing\\Router.php(679): Illuminate\\Routing\\Route->run()
#29 D:\\laragon\\www\\bscms\\vendor\\laravel\\framework\\src\\Illuminate\\Routing\\Pipeline.php(30): Illuminate\\Routing\\Router->Illuminate\\Routing\\{closure}(Object(Illuminate\\Http\\Request))
#30 D:\\laragon\\www\\bscms\\core\\optimize\\src\\Http\\Middleware\\PageSpeed.php(27): Illuminate\\Routing\\Pipeline->Illuminate\\Routing\\{closure}(Object(Illuminate\\Http\\Request))
#31 D:\\laragon\\www\\bscms\\vendor\\laravel\\framework\\src\\Illuminate\\Pipeline\\Pipeline.php(151): Bytesoft\\Optimize\\Http\\Middleware\\PageSpeed->handle(Object(Illuminate\\Http\\Request), Object(Closure))
#32 D:\\laragon\\www\\bscms\\vendor\\laravel\\framework\\src\\Illuminate\\Routing\\Pipeline.php(53): Illuminate\\Pipeline\\Pipeline->Illuminate\\Pipeline\\{closure}(Object(Illuminate\\Http\\Request))
#33 D:\\laragon\\www\\bscms\\core\\optimize\\src\\Http\\Middleware\\PageSpeed.php(27): Illuminate\\Routing\\Pipeline->Illuminate\\Routing\\{closure}(Object(Illuminate\\Http\\Request))
#34 D:\\laragon\\www\\bscms\\vendor\\laravel\\framework\\src\\Illuminate\\Pipeline\\Pipeline.php(151): Bytesoft\\Optimize\\Http\\Middleware\\PageSpeed->handle(Object(Illuminate\\Http\\Request), Object(Closure))
#35 D:\\laragon\\www\\bscms\\vendor\\laravel\\framework\\src\\Illuminate\\Routing\\Pipeline.php(53): Illuminate\\Pipeline\\Pipeline->Illuminate\\Pipeline\\{closure}(Object(Illuminate\\Http\\Request))
#36 D:\\laragon\\www\\bscms\\core\\optimize\\src\\Http\\Middleware\\PageSpeed.php(27): Illuminate\\Routing\\Pipeline->Illuminate\\Routing\\{closure}(Object(Illuminate\\Http\\Request))
#37 D:\\laragon\\www\\bscms\\vendor\\laravel\\framework\\src\\Illuminate\\Pipeline\\Pipeline.php(151): Bytesoft\\Optimize\\Http\\Middleware\\PageSpeed->handle(Object(Illuminate\\Http\\Request), Object(Closure))
#38 D:\\laragon\\www\\bscms\\vendor\\laravel\\framework\\src\\Illuminate\\Routing\\Pipeline.php(53): Illuminate\\Pipeline\\Pipeline->Illuminate\\Pipeline\\{closure}(Object(Illuminate\\Http\\Request))
#39 D:\\laragon\\www\\bscms\\core\\optimize\\src\\Http\\Middleware\\PageSpeed.php(27): Illuminate\\Routing\\Pipeline->Illuminate\\Routing\\{closure}(Object(Illuminate\\Http\\Request))
#40 D:\\laragon\\www\\bscms\\vendor\\laravel\\framework\\src\\Illuminate\\Pipeline\\Pipeline.php(151): Bytesoft\\Optimize\\Http\\Middleware\\PageSpeed->handle(Object(Illuminate\\Http\\Request), Object(Closure))
#41 D:\\laragon\\www\\bscms\\vendor\\laravel\\framework\\src\\Illuminate\\Routing\\Pipeline.php(53): Illuminate\\Pipeline\\Pipeline->Illuminate\\Pipeline\\{closure}(Object(Illuminate\\Http\\Request))
#42 D:\\laragon\\www\\bscms\\core\\optimize\\src\\Http\\Middleware\\PageSpeed.php(27): Illuminate\\Routing\\Pipeline->Illuminate\\Routing\\{closure}(Object(Illuminate\\Http\\Request))
#43 D:\\laragon\\www\\bscms\\vendor\\laravel\\framework\\src\\Illuminate\\Pipeline\\Pipeline.php(151): Bytesoft\\Optimize\\Http\\Middleware\\PageSpeed->handle(Object(Illuminate\\Http\\Request), Object(Closure))
#44 D:\\laragon\\www\\bscms\\vendor\\laravel\\framework\\src\\Illuminate\\Routing\\Pipeline.php(53): Illuminate\\Pipeline\\Pipeline->Illuminate\\Pipeline\\{closure}(Object(Illuminate\\Http\\Request))
#45 D:\\laragon\\www\\bscms\\core\\installer\\src\\Http\\Middleware\\RedirectIfNotInstalledMiddleware.php(23): Illuminate\\Routing\\Pipeline->Illuminate\\Routing\\{closure}(Object(Illuminate\\Http\\Request))
#46 D:\\laragon\\www\\bscms\\vendor\\laravel\\framework\\src\\Illuminate\\Pipeline\\Pipeline.php(151): Bytesoft\\Installer\\Http\\Middleware\\RedirectIfNotInstalledMiddleware->handle(Object(Illuminate\\Http\\Request), Object(Closure))
#47 D:\\laragon\\www\\bscms\\vendor\\laravel\\framework\\src\\Illuminate\\Routing\\Pipeline.php(53): Illuminate\\Pipeline\\Pipeline->Illuminate\\Pipeline\\{closure}(Object(Illuminate\\Http\\Request))
#48 D:\\laragon\\www\\bscms\\vendor\\laravel\\framework\\src\\Illuminate\\Session\\Middleware\\StartSession.php(63): Illuminate\\Routing\\Pipeline->Illuminate\\Routing\\{closure}(Object(Illuminate\\Http\\Request))
#49 D:\\laragon\\www\\bscms\\vendor\\laravel\\framework\\src\\Illuminate\\Pipeline\\Pipeline.php(151): Illuminate\\Session\\Middleware\\StartSession->handle(Object(Illuminate\\Http\\Request), Object(Closure))
#50 D:\\laragon\\www\\bscms\\vendor\\laravel\\framework\\src\\Illuminate\\Routing\\Pipeline.php(53): Illuminate\\Pipeline\\Pipeline->Illuminate\\Pipeline\\{closure}(Object(Illuminate\\Http\\Request))
#51 D:\\laragon\\www\\bscms\\core\\base\\src\\Http\\Middleware\\AdminBarMiddleware.php(45): Illuminate\\Routing\\Pipeline->Illuminate\\Routing\\{closure}(Object(Illuminate\\Http\\Request))
#52 D:\\laragon\\www\\bscms\\vendor\\laravel\\framework\\src\\Illuminate\\Pipeline\\Pipeline.php(151): Bytesoft\\Base\\Http\\Middleware\\AdminBarMiddleware->handle(Object(Illuminate\\Http\\Request), Object(Closure))
#53 D:\\laragon\\www\\bscms\\vendor\\laravel\\framework\\src\\Illuminate\\Routing\\Pipeline.php(53): Illuminate\\Pipeline\\Pipeline->Illuminate\\Pipeline\\{closure}(Object(Illuminate\\Http\\Request))
#54 D:\\laragon\\www\\bscms\\core\\base\\src\\Http\\Middleware\\HttpsProtocolMiddleware.php(23): Illuminate\\Routing\\Pipeline->Illuminate\\Routing\\{closure}(Object(Illuminate\\Http\\Request))
#55 D:\\laragon\\www\\bscms\\vendor\\laravel\\framework\\src\\Illuminate\\Pipeline\\Pipeline.php(151): Bytesoft\\Base\\Http\\Middleware\\HttpsProtocolMiddleware->handle(Object(Illuminate\\Http\\Request), Object(Closure))
#56 D:\\laragon\\www\\bscms\\vendor\\laravel\\framework\\src\\Illuminate\\Routing\\Pipeline.php(53): Illuminate\\Pipeline\\Pipeline->Illuminate\\Pipeline\\{closure}(Object(Illuminate\\Http\\Request))
#57 D:\\laragon\\www\\bscms\\core\\base\\src\\Http\\Middleware\\LocaleMiddleware.php(34): Illuminate\\Routing\\Pipeline->Illuminate\\Routing\\{closure}(Object(Illuminate\\Http\\Request))
#58 D:\\laragon\\www\\bscms\\vendor\\laravel\\framework\\src\\Illuminate\\Pipeline\\Pipeline.php(151): Bytesoft\\Base\\Http\\Middleware\\LocaleMiddleware->handle(Object(Illuminate\\Http\\Request), Object(Closure))
#59 D:\\laragon\\www\\bscms\\vendor\\laravel\\framework\\src\\Illuminate\\Routing\\Pipeline.php(53): Illuminate\\Pipeline\\Pipeline->Illuminate\\Pipeline\\{closure}(Object(Illuminate\\Http\\Request))
#60 D:\\laragon\\www\\bscms\\vendor\\laravel\\framework\\src\\Illuminate\\Routing\\Middleware\\SubstituteBindings.php(41): Illuminate\\Routing\\Pipeline->Illuminate\\Routing\\{closure}(Object(Illuminate\\Http\\Request))
#61 D:\\laragon\\www\\bscms\\vendor\\laravel\\framework\\src\\Illuminate\\Pipeline\\Pipeline.php(151): Illuminate\\Routing\\Middleware\\SubstituteBindings->handle(Object(Illuminate\\Http\\Request), Object(Closure))
#62 D:\\laragon\\www\\bscms\\vendor\\laravel\\framework\\src\\Illuminate\\Routing\\Pipeline.php(53): Illuminate\\Pipeline\\Pipeline->Illuminate\\Pipeline\\{closure}(Object(Illuminate\\Http\\Request))
#63 D:\\laragon\\www\\bscms\\vendor\\laravel\\framework\\src\\Illuminate\\Foundation\\Http\\Middleware\\VerifyCsrfToken.php(75): Illuminate\\Routing\\Pipeline->Illuminate\\Routing\\{closure}(Object(Illuminate\\Http\\Request))
#64 D:\\laragon\\www\\bscms\\vendor\\laravel\\framework\\src\\Illuminate\\Pipeline\\Pipeline.php(151): Illuminate\\Foundation\\Http\\Middleware\\VerifyCsrfToken->handle(Object(Illuminate\\Http\\Request), Object(Closure))
#65 D:\\laragon\\www\\bscms\\vendor\\laravel\\framework\\src\\Illuminate\\Routing\\Pipeline.php(53): Illuminate\\Pipeline\\Pipeline->Illuminate\\Pipeline\\{closure}(Object(Illuminate\\Http\\Request))
#66 D:\\laragon\\www\\bscms\\vendor\\laravel\\framework\\src\\Illuminate\\View\\Middleware\\ShareErrorsFromSession.php(49): Illuminate\\Routing\\Pipeline->Illuminate\\Routing\\{closure}(Object(Illuminate\\Http\\Request))
#67 D:\\laragon\\www\\bscms\\vendor\\laravel\\framework\\src\\Illuminate\\Pipeline\\Pipeline.php(151): Illuminate\\View\\Middleware\\ShareErrorsFromSession->handle(Object(Illuminate\\Http\\Request), Object(Closure))
#68 D:\\laragon\\www\\bscms\\vendor\\laravel\\framework\\src\\Illuminate\\Routing\\Pipeline.php(53): Illuminate\\Pipeline\\Pipeline->Illuminate\\Pipeline\\{closure}(Object(Illuminate\\Http\\Request))
#69 D:\\laragon\\www\\bscms\\vendor\\laravel\\framework\\src\\Illuminate\\Session\\Middleware\\StartSession.php(63): Illuminate\\Routing\\Pipeline->Illuminate\\Routing\\{closure}(Object(Illuminate\\Http\\Request))
#70 D:\\laragon\\www\\bscms\\vendor\\laravel\\framework\\src\\Illuminate\\Pipeline\\Pipeline.php(151): Illuminate\\Session\\Middleware\\StartSession->handle(Object(Illuminate\\Http\\Request), Object(Closure))
#71 D:\\laragon\\www\\bscms\\vendor\\laravel\\framework\\src\\Illuminate\\Routing\\Pipeline.php(53): Illuminate\\Pipeline\\Pipeline->Illuminate\\Pipeline\\{closure}(Object(Illuminate\\Http\\Request))
#72 D:\\laragon\\www\\bscms\\vendor\\laravel\\framework\\src\\Illuminate\\Cookie\\Middleware\\AddQueuedCookiesToResponse.php(37): Illuminate\\Routing\\Pipeline->Illuminate\\Routing\\{closure}(Object(Illuminate\\Http\\Request))
#73 D:\\laragon\\www\\bscms\\vendor\\laravel\\framework\\src\\Illuminate\\Pipeline\\Pipeline.php(151): Illuminate\\Cookie\\Middleware\\AddQueuedCookiesToResponse->handle(Object(Illuminate\\Http\\Request), Object(Closure))
#74 D:\\laragon\\www\\bscms\\vendor\\laravel\\framework\\src\\Illuminate\\Routing\\Pipeline.php(53): Illuminate\\Pipeline\\Pipeline->Illuminate\\Pipeline\\{closure}(Object(Illuminate\\Http\\Request))
#75 D:\\laragon\\www\\bscms\\vendor\\laravel\\framework\\src\\Illuminate\\Cookie\\Middleware\\EncryptCookies.php(66): Illuminate\\Routing\\Pipeline->Illuminate\\Routing\\{closure}(Object(Illuminate\\Http\\Request))
#76 D:\\laragon\\www\\bscms\\vendor\\laravel\\framework\\src\\Illuminate\\Pipeline\\Pipeline.php(151): Illuminate\\Cookie\\Middleware\\EncryptCookies->handle(Object(Illuminate\\Http\\Request), Object(Closure))
#77 D:\\laragon\\www\\bscms\\vendor\\laravel\\framework\\src\\Illuminate\\Routing\\Pipeline.php(53): Illuminate\\Pipeline\\Pipeline->Illuminate\\Pipeline\\{closure}(Object(Illuminate\\Http\\Request))
#78 D:\\laragon\\www\\bscms\\vendor\\laravel\\framework\\src\\Illuminate\\Pipeline\\Pipeline.php(104): Illuminate\\Routing\\Pipeline->Illuminate\\Routing\\{closure}(Object(Illuminate\\Http\\Request))
#79 D:\\laragon\\www\\bscms\\vendor\\laravel\\framework\\src\\Illuminate\\Routing\\Router.php(681): Illuminate\\Pipeline\\Pipeline->then(Object(Closure))
#80 D:\\laragon\\www\\bscms\\vendor\\laravel\\framework\\src\\Illuminate\\Routing\\Router.php(656): Illuminate\\Routing\\Router->runRouteWithinStack(Object(Illuminate\\Routing\\Route), Object(Illuminate\\Http\\Request))
#81 D:\\laragon\\www\\bscms\\vendor\\laravel\\framework\\src\\Illuminate\\Routing\\Router.php(622): Illuminate\\Routing\\Router->runRoute(Object(Illuminate\\Http\\Request), Object(Illuminate\\Routing\\Route))
#82 D:\\laragon\\www\\bscms\\vendor\\laravel\\framework\\src\\Illuminate\\Routing\\Router.php(611): Illuminate\\Routing\\Router->dispatchToRoute(Object(Illuminate\\Http\\Request))
#83 D:\\laragon\\www\\bscms\\vendor\\laravel\\framework\\src\\Illuminate\\Foundation\\Http\\Kernel.php(176): Illuminate\\Routing\\Router->dispatch(Object(Illuminate\\Http\\Request))
#84 D:\\laragon\\www\\bscms\\vendor\\laravel\\framework\\src\\Illuminate\\Routing\\Pipeline.php(30): Illuminate\\Foundation\\Http\\Kernel->Illuminate\\Foundation\\Http\\{closure}(Object(Illuminate\\Http\\Request))
#85 D:\\laragon\\www\\bscms\\vendor\\proengsoft\\laravel-jsvalidation\\src\\RemoteValidationMiddleware.php(53): Illuminate\\Routing\\Pipeline->Illuminate\\Routing\\{closure}(Object(Illuminate\\Http\\Request))
#86 D:\\laragon\\www\\bscms\\vendor\\laravel\\framework\\src\\Illuminate\\Pipeline\\Pipeline.php(151): Proengsoft\\JsValidation\\RemoteValidationMiddleware->handle(Object(Illuminate\\Http\\Request), Object(Closure))
#87 D:\\laragon\\www\\bscms\\vendor\\laravel\\framework\\src\\Illuminate\\Routing\\Pipeline.php(53): Illuminate\\Pipeline\\Pipeline->Illuminate\\Pipeline\\{closure}(Object(Illuminate\\Http\\Request))
#88 D:\\laragon\\www\\bscms\\vendor\\barryvdh\\laravel-debugbar\\src\\Middleware\\InjectDebugbar.php(58): Illuminate\\Routing\\Pipeline->Illuminate\\Routing\\{closure}(Object(Illuminate\\Http\\Request))
#89 D:\\laragon\\www\\bscms\\vendor\\laravel\\framework\\src\\Illuminate\\Pipeline\\Pipeline.php(151): Barryvdh\\Debugbar\\Middleware\\InjectDebugbar->handle(Object(Illuminate\\Http\\Request), Object(Closure))
#90 D:\\laragon\\www\\bscms\\vendor\\laravel\\framework\\src\\Illuminate\\Routing\\Pipeline.php(53): Illuminate\\Pipeline\\Pipeline->Illuminate\\Pipeline\\{closure}(Object(Illuminate\\Http\\Request))
#91 D:\\laragon\\www\\bscms\\vendor\\fideloper\\proxy\\src\\TrustProxies.php(57): Illuminate\\Routing\\Pipeline->Illuminate\\Routing\\{closure}(Object(Illuminate\\Http\\Request))
#92 D:\\laragon\\www\\bscms\\vendor\\laravel\\framework\\src\\Illuminate\\Pipeline\\Pipeline.php(151): Fideloper\\Proxy\\TrustProxies->handle(Object(Illuminate\\Http\\Request), Object(Closure))
#93 D:\\laragon\\www\\bscms\\vendor\\laravel\\framework\\src\\Illuminate\\Routing\\Pipeline.php(53): Illuminate\\Pipeline\\Pipeline->Illuminate\\Pipeline\\{closure}(Object(Illuminate\\Http\\Request))
#94 D:\\laragon\\www\\bscms\\vendor\\laravel\\framework\\src\\Illuminate\\Foundation\\Http\\Middleware\\TransformsRequest.php(31): Illuminate\\Routing\\Pipeline->Illuminate\\Routing\\{closure}(Object(Illuminate\\Http\\Request))
#95 D:\\laragon\\www\\bscms\\vendor\\laravel\\framework\\src\\Illuminate\\Pipeline\\Pipeline.php(151): Illuminate\\Foundation\\Http\\Middleware\\TransformsRequest->handle(Object(Illuminate\\Http\\Request), Object(Closure))
#96 D:\\laragon\\www\\bscms\\vendor\\laravel\\framework\\src\\Illuminate\\Routing\\Pipeline.php(53): Illuminate\\Pipeline\\Pipeline->Illuminate\\Pipeline\\{closure}(Object(Illuminate\\Http\\Request))
#97 D:\\laragon\\www\\bscms\\vendor\\laravel\\framework\\src\\Illuminate\\Foundation\\Http\\Middleware\\TransformsRequest.php(31): Illuminate\\Routing\\Pipeline->Illuminate\\Routing\\{closure}(Object(Illuminate\\Http\\Request))
#98 D:\\laragon\\www\\bscms\\vendor\\laravel\\framework\\src\\Illuminate\\Pipeline\\Pipeline.php(151): Illuminate\\Foundation\\Http\\Middleware\\TransformsRequest->handle(Object(Illuminate\\Http\\Request), Object(Closure))
#99 D:\\laragon\\www\\bscms\\vendor\\laravel\\framework\\src\\Illuminate\\Routing\\Pipeline.php(53): Illuminate\\Pipeline\\Pipeline->Illuminate\\Pipeline\\{closure}(Object(Illuminate\\Http\\Request))
#100 D:\\laragon\\www\\bscms\\vendor\\laravel\\framework\\src\\Illuminate\\Foundation\\Http\\Middleware\\ValidatePostSize.php(27): Illuminate\\Routing\\Pipeline->Illuminate\\Routing\\{closure}(Object(Illuminate\\Http\\Request))
#101 D:\\laragon\\www\\bscms\\vendor\\laravel\\framework\\src\\Illuminate\\Pipeline\\Pipeline.php(151): Illuminate\\Foundation\\Http\\Middleware\\ValidatePostSize->handle(Object(Illuminate\\Http\\Request), Object(Closure))
#102 D:\\laragon\\www\\bscms\\vendor\\laravel\\framework\\src\\Illuminate\\Routing\\Pipeline.php(53): Illuminate\\Pipeline\\Pipeline->Illuminate\\Pipeline\\{closure}(Object(Illuminate\\Http\\Request))
#103 D:\\laragon\\www\\bscms\\vendor\\laravel\\framework\\src\\Illuminate\\Foundation\\Http\\Middleware\\CheckForMaintenanceMode.php(62): Illuminate\\Routing\\Pipeline->Illuminate\\Routing\\{closure}(Object(Illuminate\\Http\\Request))
#104 D:\\laragon\\www\\bscms\\vendor\\laravel\\framework\\src\\Illuminate\\Pipeline\\Pipeline.php(151): Illuminate\\Foundation\\Http\\Middleware\\CheckForMaintenanceMode->handle(Object(Illuminate\\Http\\Request), Object(Closure))
#105 D:\\laragon\\www\\bscms\\vendor\\laravel\\framework\\src\\Illuminate\\Routing\\Pipeline.php(53): Illuminate\\Pipeline\\Pipeline->Illuminate\\Pipeline\\{closure}(Object(Illuminate\\Http\\Request))
#106 D:\\laragon\\www\\bscms\\vendor\\laravel\\framework\\src\\Illuminate\\Pipeline\\Pipeline.php(104): Illuminate\\Routing\\Pipeline->Illuminate\\Routing\\{closure}(Object(Illuminate\\Http\\Request))
#107 D:\\laragon\\www\\bscms\\vendor\\laravel\\framework\\src\\Illuminate\\Foundation\\Http\\Kernel.php(151): Illuminate\\Pipeline\\Pipeline->then(Object(Closure))
#108 D:\\laragon\\www\\bscms\\vendor\\laravel\\framework\\src\\Illuminate\\Foundation\\Http\\Kernel.php(116): Illuminate\\Foundation\\Http\\Kernel->sendRequestThroughRouter(Object(Illuminate\\Http\\Request))
#109 D:\\laragon\\www\\bscms\\public\\index.php(55): Illuminate\\Foundation\\Http\\Kernel->handle(Object(Illuminate\\Http\\Request))
#110 {main}
"} 
